Initialized native services in: C:\Users\danmu\.gradle\native
Initialized jansi services in: C:\Users\danmu\.gradle\native
Received JVM installation metadata from 'C:\Program Files\Eclipse Adoptium\jdk-17.0.17.10-hotspot': {JAVA_HOME=C:\Program Files\Eclipse Adoptium\jdk-17.0.17.10-hotspot, JAVA_VERSION=17.0.17, JAVA_VENDOR=Eclipse Adoptium, RUNTIME_NAME=OpenJDK Runtime Environment, RUNTIME_VERSION=17.0.17+10, VM_NAME=OpenJDK 64-Bit Server VM, VM_VERSION=17.0.17+10, VM_VENDOR=Eclipse Adoptium, OS_ARCH=amd64}
To honour the JVM settings for this build a single-use Daemon process will be forked. For more on this, please refer to https://docs.gradle.org/8.5/userguide/gradle_daemon.html#sec:disabling_the_daemon in the Gradle documentation.
Starting process 'Gradle build daemon'. Working directory: C:\Users\danmu\.gradle\daemon\8.5 Command: C:\Program Files\Eclipse Adoptium\jdk-17.0.17.10-hotspot\bin\java.exe --add-opens=java.base/java.util=ALL-UNNAMED --add-opens=java.base/java.lang=ALL-UNNAMED --add-opens=java.base/java.lang.invoke=ALL-UNNAMED --add-opens=java.prefs/java.util.prefs=ALL-UNNAMED --add-opens=java.base/java.nio.charset=ALL-UNNAMED --add-opens=java.base/java.net=ALL-UNNAMED --add-opens=java.base/java.util.concurrent.atomic=ALL-UNNAMED -XX:MaxMetaspaceSize=384m -XX:+HeapDumpOnOutOfMemoryError -Xms256m -Xmx512m -Dfile.encoding=x-windows-949 -Duser.country=KR -Duser.language=ko -Duser.variant -cp C:\Users\danmu\.gradle\wrapper\dists\gradle-8.5-bin\5t9huq95ubn472n8rpzujfbqh\gradle-8.5\lib\gradle-launcher-8.5.jar -javaagent:C:\Users\danmu\.gradle\wrapper\dists\gradle-8.5-bin\5t9huq95ubn472n8rpzujfbqh\gradle-8.5\lib\agents\gradle-instrumentation-agent-8.5.jar org.gradle.launcher.daemon.bootstrap.GradleDaemon 8.5
Successfully started process 'Gradle build daemon'
An attempt to start the daemon took 1.975 secs.
The client will now receive all logging from the daemon (pid: 13764). The daemon log file: C:\Users\danmu\.gradle\daemon\8.5\daemon-13764.out.log
Daemon will be stopped at the end of the build 
Using 14 worker leases.
Received JVM installation metadata from 'C:\Program Files\Eclipse Adoptium\jdk-17.0.17.10-hotspot': {JAVA_HOME=C:\Program Files\Eclipse Adoptium\jdk-17.0.17.10-hotspot, JAVA_VERSION=17.0.17, JAVA_VENDOR=Eclipse Adoptium, RUNTIME_NAME=OpenJDK Runtime Environment, RUNTIME_VERSION=17.0.17+10, VM_NAME=OpenJDK 64-Bit Server VM, VM_VERSION=17.0.17+10, VM_VENDOR=Eclipse Adoptium, OS_ARCH=amd64}
Watching the file system is configured to be enabled if available
Now considering [C:\Users\danmu\OneDrive\Desktop\AWS\backend] as hierarchies to watch
File system watching is active
Starting Build
Skipping Kotlin DSL script compilation (Settings/TopLevel/stage1) as it is up-to-date.
Settings evaluated using settings file 'C:\Users\danmu\OneDrive\Desktop\AWS\backend\settings.gradle.kts'.
Projects loaded. Root project using build file 'C:\Users\danmu\OneDrive\Desktop\AWS\backend\build.gradle.kts'.
Included projects: [root project 'unifor-backend']

> Configure project :
Evaluating root project 'unifor-backend' using build file 'C:\Users\danmu\OneDrive\Desktop\AWS\backend\build.gradle.kts'.
Caching disabled for Kotlin DSL plugin specs accessors for classpath '88f21b562c7d422f7231428dbdb6eb94' because:
  Build cache is disabled
Skipping Kotlin DSL plugin specs accessors for classpath '88f21b562c7d422f7231428dbdb6eb94' as it is up-to-date.
Caching disabled for Kotlin DSL script compilation (Project/TopLevel/stage1) because:
  Build cache is disabled
Skipping Kotlin DSL script compilation (Project/TopLevel/stage1) as it is up-to-date.
Applying dependency management to configuration 'bootArchives' in project 'unifor-backend'
Applying dependency management to configuration 'kotlinCompilerClasspath' in project 'unifor-backend'
Applying dependency management to configuration 'kotlinBuildToolsApiClasspath' in project 'unifor-backend'
Applying dependency management to configuration 'kotlinCompilerPluginClasspath' in project 'unifor-backend'
Using Kotlin Gradle Plugin gradle82 variant
Applying dependency management to configuration 'kotlinNativeCompilerPluginClasspath' in project 'unifor-backend'
Applying dependency management to configuration 'kotlinKlibCommonizerClasspath' in project 'unifor-backend'
Applying dependency management to configuration 'archives' in project 'unifor-backend'
Applying dependency management to configuration 'default' in project 'unifor-backend'
Applying dependency management to configuration 'implementation' in project 'unifor-backend'
Applying dependency management to configuration 'compileOnly' in project 'unifor-backend'
Applying dependency management to configuration 'compileClasspath' in project 'unifor-backend'
Applying dependency management to configuration 'annotationProcessor' in project 'unifor-backend'
Applying dependency management to configuration 'runtimeOnly' in project 'unifor-backend'
Applying dependency management to configuration 'runtimeClasspath' in project 'unifor-backend'
Applying dependency management to configuration 'apiElements' in project 'unifor-backend'
Applying dependency management to configuration 'runtimeElements' in project 'unifor-backend'
Applying dependency management to configuration 'mainSourceElements' in project 'unifor-backend'
Applying dependency management to configuration 'testImplementation' in project 'unifor-backend'
Applying dependency management to configuration 'testCompileOnly' in project 'unifor-backend'
Applying dependency management to configuration 'testCompileClasspath' in project 'unifor-backend'
Applying dependency management to configuration 'testAnnotationProcessor' in project 'unifor-backend'
Applying dependency management to configuration 'testRuntimeOnly' in project 'unifor-backend'
Applying dependency management to configuration 'testRuntimeClasspath' in project 'unifor-backend'
Applying dependency management to configuration 'testResultsElementsForTest' in project 'unifor-backend'
Applying dependency management to configuration 'productionRuntimeClasspath' in project 'unifor-backend'
Applying dependency management to configuration 'developmentOnly' in project 'unifor-backend'
Applying dependency management to configuration 'testAndDevelopmentOnly' in project 'unifor-backend'
Applying dependency management to configuration 'api' in project 'unifor-backend'
Applying dependency management to configuration 'apiDependenciesMetadata' in project 'unifor-backend'
Applying dependency management to configuration 'implementationDependenciesMetadata' in project 'unifor-backend'
Applying dependency management to configuration 'compileOnlyDependenciesMetadata' in project 'unifor-backend'
Applying dependency management to configuration 'intransitiveDependenciesMetadata' in project 'unifor-backend'
Applying dependency management to configuration 'kotlinCompilerPluginClasspathMain' in project 'unifor-backend'
Applying dependency management to configuration 'testApi' in project 'unifor-backend'
Applying dependency management to configuration 'testApiDependenciesMetadata' in project 'unifor-backend'
Applying dependency management to configuration 'testImplementationDependenciesMetadata' in project 'unifor-backend'
Applying dependency management to configuration 'testCompileOnlyDependenciesMetadata' in project 'unifor-backend'
Applying dependency management to configuration 'testIntransitiveDependenciesMetadata' in project 'unifor-backend'
Applying dependency management to configuration 'kotlinCompilerPluginClasspathTest' in project 'unifor-backend'
Applying dependency management to configuration 'kotlinScriptDef' in project 'unifor-backend'
kotlin scripting plugin: created the scripting discovery configuration: kotlinScriptDef
Applying dependency management to configuration 'kotlinScriptDefExtensions' in project 'unifor-backend'
Applying dependency management to configuration 'testKotlinScriptDef' in project 'unifor-backend'
kotlin scripting plugin: created the scripting discovery configuration: testKotlinScriptDef
Applying dependency management to configuration 'testKotlinScriptDefExtensions' in project 'unifor-backend'
Caching disabled for Kotlin DSL accessors for root project 'unifor-backend' because:
  Build cache is disabled
Skipping Kotlin DSL accessors for root project 'unifor-backend' as it is up-to-date.
Caching disabled for Kotlin DSL script compilation (Project/TopLevel/stage2) because:
  Build cache is disabled
Skipping Kotlin DSL script compilation (Project/TopLevel/stage2) as it is up-to-date.
Applying dependency management to configuration 'apiElements-published' in project 'unifor-backend'
Applying dependency management to configuration 'runtimeElements-published' in project 'unifor-backend'
All projects evaluated.
Task name matched 'compileKotlin'
Selected primary task 'compileKotlin' from project :
Tasks to be executed: [task ':checkKotlinGradlePluginConfigurationErrors', task ':compileKotlin']
Tasks that were excluded: []
Resolve mutations for :checkKotlinGradlePluginConfigurationErrors (Thread[Execution worker Thread 7,5,main]) started.
:checkKotlinGradlePluginConfigurationErrors (Thread[Execution worker Thread 7,5,main]) started.

> Task :checkKotlinGradlePluginConfigurationErrors
Caching disabled for task ':checkKotlinGradlePluginConfigurationErrors' because:
  Build cache is disabled
Task ':checkKotlinGradlePluginConfigurationErrors' is not up-to-date because:
  Task has not declared any outputs despite executing actions.
Resolve mutations for :compileKotlin (Thread[included builds,5,main]) started.
:compileKotlin (Thread[included builds,5,main]) started.

> Task :compileKotlin FAILED
Resolving global dependency management for project 'unifor-backend'
Excluding []
Excluding []
Transforming spring-boot-starter-web-3.2.0.jar with ClasspathEntrySnapshotTransform
Transforming spring-boot-starter-json-3.2.0.jar with ClasspathEntrySnapshotTransform
Transforming jackson-datatype-jdk8-2.15.3.jar with ClasspathEntrySnapshotTransform
Transforming jackson-datatype-jsr310-2.15.3.jar with ClasspathEntrySnapshotTransform
Transforming jackson-module-parameter-names-2.15.3.jar with ClasspathEntrySnapshotTransform
Transforming jackson-databind-2.15.3.jar with ClasspathEntrySnapshotTransform
Transforming jackson-annotations-2.15.3.jar with ClasspathEntrySnapshotTransform
Transforming jackson-core-2.15.3.jar with ClasspathEntrySnapshotTransform
Transforming jackson-module-kotlin-2.15.3.jar with ClasspathEntrySnapshotTransform
Transforming kotlin-reflect-1.9.21.jar with ClasspathEntrySnapshotTransform
Transforming kotlin-stdlib-1.9.21.jar with ClasspathEntrySnapshotTransform
Transforming spring-boot-starter-actuator-3.2.0.jar with ClasspathEntrySnapshotTransform
Transforming spring-boot-starter-data-jpa-3.2.0.jar with ClasspathEntrySnapshotTransform
Transforming spring-boot-starter-data-redis-3.2.0.jar with ClasspathEntrySnapshotTransform
Transforming spring-boot-starter-validation-3.2.0.jar with ClasspathEntrySnapshotTransform
Transforming spring-boot-starter-security-3.2.0.jar with ClasspathEntrySnapshotTransform
Transforming spring-boot-starter-oauth2-client-3.2.0.jar with ClasspathEntrySnapshotTransform
Transforming jjwt-api-0.12.3.jar with ClasspathEntrySnapshotTransform
Transforming s3-2.21.0.jar with ClasspathEntrySnapshotTransform
Transforming sts-2.21.0.jar with ClasspathEntrySnapshotTransform
Caching disabled for ClasspathEntrySnapshotTransform: C:\Users\danmu\.gradle\caches\modules-2\files-2.1\com.fasterxml.jackson.module\jackson-module-parameter-names\2.15.3\8d251b90c5358677e7d8161e0c2488e6f84f49da\jackson-module-parameter-names-2.15.3.jar because:
  Build cache is disabled
Caching disabled for ClasspathEntrySnapshotTransform: C:\Users\danmu\.gradle\caches\modules-2\files-2.1\com.fasterxml.jackson.core\jackson-databind\2.15.3\a734bc2c47a9453c4efa772461a3aeb273c010d9\jackson-databind-2.15.3.jar because:
  Build cache is disabled
Transforming annotations-13.0.jar with ClasspathEntrySnapshotTransform
Caching disabled for ClasspathEntrySnapshotTransform: C:\Users\danmu\.gradle\caches\modules-2\files-2.1\com.fasterxml.jackson.datatype\jackson-datatype-jdk8\2.15.3\80158cb020c7bd4e4ba94d8d752a65729dc943b2\jackson-datatype-jdk8-2.15.3.jar because:
  Build cache is disabled
Skipping ClasspathEntrySnapshotTransform: C:\Users\danmu\.gradle\caches\modules-2\files-2.1\com.fasterxml.jackson.module\jackson-module-parameter-names\2.15.3\8d251b90c5358677e7d8161e0c2488e6f84f49da\jackson-module-parameter-names-2.15.3.jar as it is up-to-date.
Caching disabled for ClasspathEntrySnapshotTransform: C:\Users\danmu\.gradle\caches\modules-2\files-2.1\org.springframework.boot\spring-boot-starter-json\3.2.0\e831483c03433b987cc9c72f8ea67757f9865191\spring-boot-starter-json-3.2.0.jar because:
  Build cache is disabled
Skipping ClasspathEntrySnapshotTransform: C:\Users\danmu\.gradle\caches\modules-2\files-2.1\com.fasterxml.jackson.core\jackson-databind\2.15.3\a734bc2c47a9453c4efa772461a3aeb273c010d9\jackson-databind-2.15.3.jar as it is up-to-date.
Skipping ClasspathEntrySnapshotTransform: C:\Users\danmu\.gradle\caches\modules-2\files-2.1\org.springframework.boot\spring-boot-starter-json\3.2.0\e831483c03433b987cc9c72f8ea67757f9865191\spring-boot-starter-json-3.2.0.jar as it is up-to-date.
Caching disabled for ClasspathEntrySnapshotTransform: C:\Users\danmu\.gradle\caches\modules-2\files-2.1\org.springframework.boot\spring-boot-starter-data-jpa\3.2.0\6a8ad077a37f8a0cef6949dcfd91a9b2115cade\spring-boot-starter-data-jpa-3.2.0.jar because:
  Build cache is disabled
Skipping ClasspathEntrySnapshotTransform: C:\Users\danmu\.gradle\caches\modules-2\files-2.1\com.fasterxml.jackson.datatype\jackson-datatype-jdk8\2.15.3\80158cb020c7bd4e4ba94d8d752a65729dc943b2\jackson-datatype-jdk8-2.15.3.jar as it is up-to-date.
Transforming spring-boot-starter-aop-3.2.0.jar with ClasspathEntrySnapshotTransform
Caching disabled for ClasspathEntrySnapshotTransform: C:\Users\danmu\.gradle\caches\modules-2\files-2.1\org.springframework.boot\spring-boot-starter-web\3.2.0\e609f839e7c2ff9c90bc75d7c05dbcbb19315319\spring-boot-starter-web-3.2.0.jar because:
  Build cache is disabled
Caching disabled for ClasspathEntrySnapshotTransform: C:\Users\danmu\.gradle\caches\modules-2\files-2.1\com.fasterxml.jackson.core\jackson-annotations\2.15.3\79baf4e605eb3bbb60b1c475d44a7aecceea1d60\jackson-annotations-2.15.3.jar because:
  Build cache is disabled
Caching disabled for ClasspathEntrySnapshotTransform: C:\Users\danmu\.gradle\caches\modules-2\files-2.1\org.springframework.boot\spring-boot-starter-actuator\3.2.0\d5fbcd592486db01da12ae57dfd505d863ef639f\spring-boot-starter-actuator-3.2.0.jar because:
  Build cache is disabled
Skipping ClasspathEntrySnapshotTransform: C:\Users\danmu\.gradle\caches\modules-2\files-2.1\org.springframework.boot\spring-boot-starter-data-jpa\3.2.0\6a8ad077a37f8a0cef6949dcfd91a9b2115cade\spring-boot-starter-data-jpa-3.2.0.jar as it is up-to-date.
Caching disabled for ClasspathEntrySnapshotTransform: C:\Users\danmu\.gradle\caches\modules-2\files-2.1\org.jetbrains.kotlin\kotlin-reflect\1.9.21\5570877dec93532519eda165abb3674ea1e07cbc\kotlin-reflect-1.9.21.jar because:
  Build cache is disabled
Caching disabled for ClasspathEntrySnapshotTransform: C:\Users\danmu\.gradle\caches\modules-2\files-2.1\org.jetbrains.kotlin\kotlin-stdlib\1.9.21\17ee3e873d439566c7d8354403b5f3d9744c4c9c\kotlin-stdlib-1.9.21.jar because:
  Build cache is disabled
Skipping ClasspathEntrySnapshotTransform: C:\Users\danmu\.gradle\caches\modules-2\files-2.1\org.jetbrains.kotlin\kotlin-reflect\1.9.21\5570877dec93532519eda165abb3674ea1e07cbc\kotlin-reflect-1.9.21.jar as it is up-to-date.
Skipping ClasspathEntrySnapshotTransform: C:\Users\danmu\.gradle\caches\modules-2\files-2.1\org.jetbrains.kotlin\kotlin-stdlib\1.9.21\17ee3e873d439566c7d8354403b5f3d9744c4c9c\kotlin-stdlib-1.9.21.jar as it is up-to-date.
Caching disabled for ClasspathEntrySnapshotTransform: C:\Users\danmu\.gradle\caches\modules-2\files-2.1\com.fasterxml.jackson.datatype\jackson-datatype-jsr310\2.15.3\4a20a0e104931bfa72f24ef358c2eb63f1ef2aaf\jackson-datatype-jsr310-2.15.3.jar because:
  Build cache is disabled
Transforming spring-boot-starter-jdbc-3.2.0.jar with ClasspathEntrySnapshotTransform
Caching disabled for ClasspathEntrySnapshotTransform: C:\Users\danmu\.gradle\caches\modules-2\files-2.1\com.fasterxml.jackson.core\jackson-core\2.15.3\60d600567c1862840397bf9ff5a92398edc5797b\jackson-core-2.15.3.jar because:
  Build cache is disabled
Skipping ClasspathEntrySnapshotTransform: C:\Users\danmu\.gradle\caches\modules-2\files-2.1\org.springframework.boot\spring-boot-starter-actuator\3.2.0\d5fbcd592486db01da12ae57dfd505d863ef639f\spring-boot-starter-actuator-3.2.0.jar as it is up-to-date.
Skipping ClasspathEntrySnapshotTransform: C:\Users\danmu\.gradle\caches\modules-2\files-2.1\org.springframework.boot\spring-boot-starter-web\3.2.0\e609f839e7c2ff9c90bc75d7c05dbcbb19315319\spring-boot-starter-web-3.2.0.jar as it is up-to-date.
Skipping ClasspathEntrySnapshotTransform: C:\Users\danmu\.gradle\caches\modules-2\files-2.1\com.fasterxml.jackson.core\jackson-annotations\2.15.3\79baf4e605eb3bbb60b1c475d44a7aecceea1d60\jackson-annotations-2.15.3.jar as it is up-to-date.
Skipping ClasspathEntrySnapshotTransform: C:\Users\danmu\.gradle\caches\modules-2\files-2.1\com.fasterxml.jackson.datatype\jackson-datatype-jsr310\2.15.3\4a20a0e104931bfa72f24ef358c2eb63f1ef2aaf\jackson-datatype-jsr310-2.15.3.jar as it is up-to-date.
Transforming spring-boot-starter-3.2.0.jar with ClasspathEntrySnapshotTransform
Skipping ClasspathEntrySnapshotTransform: C:\Users\danmu\.gradle\caches\modules-2\files-2.1\com.fasterxml.jackson.core\jackson-core\2.15.3\60d600567c1862840397bf9ff5a92398edc5797b\jackson-core-2.15.3.jar as it is up-to-date.
Transforming spring-boot-starter-tomcat-3.2.0.jar with ClasspathEntrySnapshotTransform
Caching disabled for ClasspathEntrySnapshotTransform: C:\Users\danmu\.gradle\caches\modules-2\files-2.1\com.fasterxml.jackson.module\jackson-module-kotlin\2.15.3\36ea7813ada694e67f562ff1dc6f3b47883e373\jackson-module-kotlin-2.15.3.jar because:
  Build cache is disabled
Transforming spring-webmvc-6.1.1.jar with ClasspathEntrySnapshotTransform
Skipping ClasspathEntrySnapshotTransform: C:\Users\danmu\.gradle\caches\modules-2\files-2.1\com.fasterxml.jackson.module\jackson-module-kotlin\2.15.3\36ea7813ada694e67f562ff1dc6f3b47883e373\jackson-module-kotlin-2.15.3.jar as it is up-to-date.
Transforming spring-security-oauth2-client-6.2.0.jar with ClasspathEntrySnapshotTransform
Transforming spring-security-web-6.2.0.jar with ClasspathEntrySnapshotTransform
Transforming spring-security-oauth2-jose-6.2.0.jar with ClasspathEntrySnapshotTransform
Transforming spring-security-oauth2-core-6.2.0.jar with ClasspathEntrySnapshotTransform
Transforming spring-web-6.1.1.jar with ClasspathEntrySnapshotTransform
Transforming spring-boot-actuator-autoconfigure-3.2.0.jar with ClasspathEntrySnapshotTransform
Transforming micrometer-jakarta9-1.12.0.jar with ClasspathEntrySnapshotTransform
Transforming spring-security-config-6.2.0.jar with ClasspathEntrySnapshotTransform
Transforming spring-security-core-6.2.0.jar with ClasspathEntrySnapshotTransform
Transforming spring-data-jpa-3.2.0.jar with ClasspathEntrySnapshotTransform
Transforming spring-boot-autoconfigure-3.2.0.jar with ClasspathEntrySnapshotTransform
Transforming spring-boot-actuator-3.2.0.jar with ClasspathEntrySnapshotTransform
Transforming spring-boot-3.2.0.jar with ClasspathEntrySnapshotTransform
Transforming spring-data-redis-3.2.0.jar with ClasspathEntrySnapshotTransform
Transforming spring-data-keyvalue-3.2.0.jar with ClasspathEntrySnapshotTransform
Transforming spring-context-support-6.1.1.jar with ClasspathEntrySnapshotTransform
Caching disabled for ClasspathEntrySnapshotTransform: C:\Users\danmu\.gradle\caches\modules-2\files-2.1\org.springframework.boot\spring-boot-starter-data-redis\3.2.0\59a9a4674277151840f7c8711c3c254cdb7d949d\spring-boot-starter-data-redis-3.2.0.jar because:
  Build cache is disabled
Caching disabled for ClasspathEntrySnapshotTransform: C:\Users\danmu\.gradle\caches\modules-2\files-2.1\org.springframework.boot\spring-boot-starter-validation\3.2.0\eef38598ccf9bbcd541c644e934939144cf9fa85\spring-boot-starter-validation-3.2.0.jar because:
  Build cache is disabled
Caching disabled for ClasspathEntrySnapshotTransform: C:\Users\danmu\.gradle\caches\modules-2\files-2.1\org.springframework.boot\spring-boot-starter-security\3.2.0\c692cc94ac3b5bfa9eb47fa04afa5b570a5b24b2\spring-boot-starter-security-3.2.0.jar because:
  Build cache is disabled
Skipping ClasspathEntrySnapshotTransform: C:\Users\danmu\.gradle\caches\modules-2\files-2.1\org.springframework.boot\spring-boot-starter-data-redis\3.2.0\59a9a4674277151840f7c8711c3c254cdb7d949d\spring-boot-starter-data-redis-3.2.0.jar as it is up-to-date.
Caching disabled for ClasspathEntrySnapshotTransform: C:\Users\danmu\.gradle\caches\modules-2\files-2.1\org.springframework.boot\spring-boot-starter-oauth2-client\3.2.0\6277b15ff6d3fb1e45587941167f9f4d42a7e77e\spring-boot-starter-oauth2-client-3.2.0.jar because:
  Build cache is disabled
Transforming spring-context-6.1.1.jar with ClasspathEntrySnapshotTransform
Caching disabled for ClasspathEntrySnapshotTransform: C:\Users\danmu\.gradle\caches\modules-2\files-2.1\io.jsonwebtoken\jjwt-api\0.12.3\30b7de9176d17fa347eef14b85480825dab76b58\jjwt-api-0.12.3.jar because:
  Build cache is disabled
Caching disabled for ClasspathEntrySnapshotTransform: C:\Users\danmu\.gradle\caches\modules-2\files-2.1\org.springframework.boot\spring-boot-starter-jdbc\3.2.0\1ab4ef09c814142be2fafc6d40c9bc242921ca12\spring-boot-starter-jdbc-3.2.0.jar because:
  Build cache is disabled
Skipping ClasspathEntrySnapshotTransform: C:\Users\danmu\.gradle\caches\modules-2\files-2.1\org.springframework.boot\spring-boot-starter-oauth2-client\3.2.0\6277b15ff6d3fb1e45587941167f9f4d42a7e77e\spring-boot-starter-oauth2-client-3.2.0.jar as it is up-to-date.
Caching disabled for ClasspathEntrySnapshotTransform: C:\Users\danmu\.gradle\caches\modules-2\files-2.1\org.springframework\spring-webmvc\6.1.1\76c4408b67828aa9656f5955dc2c1c4c0e1b6da3\spring-webmvc-6.1.1.jar because:
  Build cache is disabled
Caching disabled for ClasspathEntrySnapshotTransform: C:\Users\danmu\.gradle\caches\modules-2\files-2.1\software.amazon.awssdk\s3\2.21.0\133605778a9f628b7fc7875f445c31fb1c1b4bc1\s3-2.21.0.jar because:
  Build cache is disabled
Caching disabled for ClasspathEntrySnapshotTransform: C:\Users\danmu\.gradle\caches\modules-2\files-2.1\org.jetbrains\annotations\13.0\919f0dfe192fb4e063e7dacadee7f8bb9a2672a9\annotations-13.0.jar because:
  Build cache is disabled
Skipping ClasspathEntrySnapshotTransform: C:\Users\danmu\.gradle\caches\modules-2\files-2.1\org.springframework.boot\spring-boot-starter-security\3.2.0\c692cc94ac3b5bfa9eb47fa04afa5b570a5b24b2\spring-boot-starter-security-3.2.0.jar as it is up-to-date.
Skipping ClasspathEntrySnapshotTransform: C:\Users\danmu\.gradle\caches\modules-2\files-2.1\org.jetbrains\annotations\13.0\919f0dfe192fb4e063e7dacadee7f8bb9a2672a9\annotations-13.0.jar as it is up-to-date.
Caching disabled for ClasspathEntrySnapshotTransform: C:\Users\danmu\.gradle\caches\modules-2\files-2.1\org.springframework.boot\spring-boot-starter-aop\3.2.0\1c4e5498a0ae4c179d0c192e9b674ac656f3e0b9\spring-boot-starter-aop-3.2.0.jar because:
  Build cache is disabled
Caching disabled for ClasspathEntrySnapshotTransform: C:\Users\danmu\.gradle\caches\modules-2\files-2.1\software.amazon.awssdk\sts\2.21.0\f9a0a5573d228590f84e2aab094bb037dcdd2b61\sts-2.21.0.jar because:
  Build cache is disabled
Skipping ClasspathEntrySnapshotTransform: C:\Users\danmu\.gradle\caches\modules-2\files-2.1\org.springframework.boot\spring-boot-starter-validation\3.2.0\eef38598ccf9bbcd541c644e934939144cf9fa85\spring-boot-starter-validation-3.2.0.jar as it is up-to-date.
Skipping ClasspathEntrySnapshotTransform: C:\Users\danmu\.gradle\caches\modules-2\files-2.1\software.amazon.awssdk\sts\2.21.0\f9a0a5573d228590f84e2aab094bb037dcdd2b61\sts-2.21.0.jar as it is up-to-date.
Skipping ClasspathEntrySnapshotTransform: C:\Users\danmu\.gradle\caches\modules-2\files-2.1\org.springframework.boot\spring-boot-starter-aop\3.2.0\1c4e5498a0ae4c179d0c192e9b674ac656f3e0b9\spring-boot-starter-aop-3.2.0.jar as it is up-to-date.
Skipping ClasspathEntrySnapshotTransform: C:\Users\danmu\.gradle\caches\modules-2\files-2.1\software.amazon.awssdk\s3\2.21.0\133605778a9f628b7fc7875f445c31fb1c1b4bc1\s3-2.21.0.jar as it is up-to-date.
Skipping ClasspathEntrySnapshotTransform: C:\Users\danmu\.gradle\caches\modules-2\files-2.1\org.springframework\spring-webmvc\6.1.1\76c4408b67828aa9656f5955dc2c1c4c0e1b6da3\spring-webmvc-6.1.1.jar as it is up-to-date.
Caching disabled for ClasspathEntrySnapshotTransform: C:\Users\danmu\.gradle\caches\modules-2\files-2.1\org.springframework.security\spring-security-oauth2-client\6.2.0\80e2df6191d627981c3d49e479280e10dd51586b\spring-security-oauth2-client-6.2.0.jar because:
  Build cache is disabled
Transforming micrometer-core-1.12.0.jar with ClasspathEntrySnapshotTransform
Caching disabled for ClasspathEntrySnapshotTransform: C:\Users\danmu\.gradle\caches\modules-2\files-2.1\org.springframework.boot\spring-boot-starter-tomcat\3.2.0\fc758099e394fe5646d9e36883fab38da4b26e22\spring-boot-starter-tomcat-3.2.0.jar because:
  Build cache is disabled
Skipping ClasspathEntrySnapshotTransform: C:\Users\danmu\.gradle\caches\modules-2\files-2.1\org.springframework.boot\spring-boot-starter-jdbc\3.2.0\1ab4ef09c814142be2fafc6d40c9bc242921ca12\spring-boot-starter-jdbc-3.2.0.jar as it is up-to-date.
Skipping ClasspathEntrySnapshotTransform: C:\Users\danmu\.gradle\caches\modules-2\files-2.1\io.jsonwebtoken\jjwt-api\0.12.3\30b7de9176d17fa347eef14b85480825dab76b58\jjwt-api-0.12.3.jar as it is up-to-date.
Caching disabled for ClasspathEntrySnapshotTransform: C:\Users\danmu\.gradle\caches\modules-2\files-2.1\org.springframework\spring-web\6.1.1\4eeb5f2edb9f04d00357edcc56b59d3874b3b453\spring-web-6.1.1.jar because:
  Build cache is disabled
Skipping ClasspathEntrySnapshotTransform: C:\Users\danmu\.gradle\caches\modules-2\files-2.1\org.springframework\spring-web\6.1.1\4eeb5f2edb9f04d00357edcc56b59d3874b3b453\spring-web-6.1.1.jar as it is up-to-date.
Caching disabled for ClasspathEntrySnapshotTransform: C:\Users\danmu\.gradle\caches\modules-2\files-2.1\org.springframework.boot\spring-boot-actuator-autoconfigure\3.2.0\9795fad75af563e062656b8b9417a3c3c56b0fd9\spring-boot-actuator-autoconfigure-3.2.0.jar because:
  Build cache is disabled
Skipping ClasspathEntrySnapshotTransform: C:\Users\danmu\.gradle\caches\modules-2\files-2.1\org.springframework.boot\spring-boot-actuator-autoconfigure\3.2.0\9795fad75af563e062656b8b9417a3c3c56b0fd9\spring-boot-actuator-autoconfigure-3.2.0.jar as it is up-to-date.
Caching disabled for ClasspathEntrySnapshotTransform: C:\Users\danmu\.gradle\caches\modules-2\files-2.1\org.springframework.boot\spring-boot-starter\3.2.0\4d0cc70617a9febbbc6ad81562e930d93f7b2665\spring-boot-starter-3.2.0.jar because:
  Build cache is disabled
Caching disabled for ClasspathEntrySnapshotTransform: C:\Users\danmu\.gradle\caches\modules-2\files-2.1\org.springframework.security\spring-security-core\6.2.0\7542f0da00c7bbe5a3f32a8710490a62c396ff52\spring-security-core-6.2.0.jar because:
  Build cache is disabled
Caching disabled for ClasspathEntrySnapshotTransform: C:\Users\danmu\.gradle\caches\modules-2\files-2.1\org.springframework.security\spring-security-config\6.2.0\bcfe1e3d9aaa2cdfc46e48ae6c22dccfca5d77da\spring-security-config-6.2.0.jar because:
  Build cache is disabled
Caching disabled for ClasspathEntrySnapshotTransform: C:\Users\danmu\.gradle\caches\modules-2\files-2.1\io.micrometer\micrometer-jakarta9\1.12.0\d44ea5a6e7f1c1de8a33827797d3f081f798d34\micrometer-jakarta9-1.12.0.jar because:
  Build cache is disabled
Caching disabled for ClasspathEntrySnapshotTransform: C:\Users\danmu\.gradle\caches\modules-2\files-2.1\org.springframework.security\spring-security-oauth2-jose\6.2.0\30a0e023e5e5485ab3b5d9fe78c34183e00ad4bd\spring-security-oauth2-jose-6.2.0.jar because:
  Build cache is disabled
Caching disabled for ClasspathEntrySnapshotTransform: C:\Users\danmu\.gradle\caches\modules-2\files-2.1\org.springframework.security\spring-security-oauth2-core\6.2.0\2f820fa7a59a556f98748f8a4bd041d9919ba374\spring-security-oauth2-core-6.2.0.jar because:
  Build cache is disabled
Skipping ClasspathEntrySnapshotTransform: C:\Users\danmu\.gradle\caches\modules-2\files-2.1\org.springframework.boot\spring-boot-starter-tomcat\3.2.0\fc758099e394fe5646d9e36883fab38da4b26e22\spring-boot-starter-tomcat-3.2.0.jar as it is up-to-date.
Caching disabled for ClasspathEntrySnapshotTransform: C:\Users\danmu\.gradle\caches\modules-2\files-2.1\org.springframework.data\spring-data-jpa\3.2.0\59e49a0eca3d02c3dc593e7a881c19b932641894\spring-data-jpa-3.2.0.jar because:
  Build cache is disabled
Transforming micrometer-observation-1.12.0.jar with ClasspathEntrySnapshotTransform
Skipping ClasspathEntrySnapshotTransform: C:\Users\danmu\.gradle\caches\modules-2\files-2.1\org.springframework.data\spring-data-jpa\3.2.0\59e49a0eca3d02c3dc593e7a881c19b932641894\spring-data-jpa-3.2.0.jar as it is up-to-date.
Caching disabled for ClasspathEntrySnapshotTransform: C:\Users\danmu\.gradle\caches\modules-2\files-2.1\org.springframework.security\spring-security-web\6.2.0\279f836f90d0b7d394abe115e5504b2ff4b66643\spring-security-web-6.2.0.jar because:
  Build cache is disabled
Skipping ClasspathEntrySnapshotTransform: C:\Users\danmu\.gradle\caches\modules-2\files-2.1\org.springframework.security\spring-security-oauth2-client\6.2.0\80e2df6191d627981c3d49e479280e10dd51586b\spring-security-oauth2-client-6.2.0.jar as it is up-to-date.
Caching disabled for ClasspathEntrySnapshotTransform: C:\Users\danmu\.gradle\caches\modules-2\files-2.1\org.springframework.boot\spring-boot\3.2.0\4088ad23df91481bc7415cbfa068c423ccb7e54e\spring-boot-3.2.0.jar because:
  Build cache is disabled
Caching disabled for ClasspathEntrySnapshotTransform: C:\Users\danmu\.gradle\caches\modules-2\files-2.1\org.springframework.boot\spring-boot-actuator\3.2.0\bf991f1c5b3bee22a93c22641bb5a079f0a42963\spring-boot-actuator-3.2.0.jar because:
  Build cache is disabled
Skipping ClasspathEntrySnapshotTransform: C:\Users\danmu\.gradle\caches\modules-2\files-2.1\org.springframework.security\spring-security-oauth2-core\6.2.0\2f820fa7a59a556f98748f8a4bd041d9919ba374\spring-security-oauth2-core-6.2.0.jar as it is up-to-date.
Skipping ClasspathEntrySnapshotTransform: C:\Users\danmu\.gradle\caches\modules-2\files-2.1\org.springframework.security\spring-security-oauth2-jose\6.2.0\30a0e023e5e5485ab3b5d9fe78c34183e00ad4bd\spring-security-oauth2-jose-6.2.0.jar as it is up-to-date.
Caching disabled for ClasspathEntrySnapshotTransform: C:\Users\danmu\.gradle\caches\modules-2\files-2.1\org.springframework.boot\spring-boot-autoconfigure\3.2.0\29b231378146bd6606e75389297f3a7d55476b87\spring-boot-autoconfigure-3.2.0.jar because:
  Build cache is disabled
Skipping ClasspathEntrySnapshotTransform: C:\Users\danmu\.gradle\caches\modules-2\files-2.1\org.springframework.boot\spring-boot-autoconfigure\3.2.0\29b231378146bd6606e75389297f3a7d55476b87\spring-boot-autoconfigure-3.2.0.jar as it is up-to-date.
Skipping ClasspathEntrySnapshotTransform: C:\Users\danmu\.gradle\caches\modules-2\files-2.1\io.micrometer\micrometer-jakarta9\1.12.0\d44ea5a6e7f1c1de8a33827797d3f081f798d34\micrometer-jakarta9-1.12.0.jar as it is up-to-date.
Skipping ClasspathEntrySnapshotTransform: C:\Users\danmu\.gradle\caches\modules-2\files-2.1\org.springframework.security\spring-security-config\6.2.0\bcfe1e3d9aaa2cdfc46e48ae6c22dccfca5d77da\spring-security-config-6.2.0.jar as it is up-to-date.
Skipping ClasspathEntrySnapshotTransform: C:\Users\danmu\.gradle\caches\modules-2\files-2.1\org.springframework.security\spring-security-core\6.2.0\7542f0da00c7bbe5a3f32a8710490a62c396ff52\spring-security-core-6.2.0.jar as it is up-to-date.
Skipping ClasspathEntrySnapshotTransform: C:\Users\danmu\.gradle\caches\modules-2\files-2.1\org.springframework.boot\spring-boot-starter\3.2.0\4d0cc70617a9febbbc6ad81562e930d93f7b2665\spring-boot-starter-3.2.0.jar as it is up-to-date.
Skipping ClasspathEntrySnapshotTransform: C:\Users\danmu\.gradle\caches\modules-2\files-2.1\org.springframework.boot\spring-boot-actuator\3.2.0\bf991f1c5b3bee22a93c22641bb5a079f0a42963\spring-boot-actuator-3.2.0.jar as it is up-to-date.
Transforming hibernate-core-6.3.1.Final.jar with ClasspathEntrySnapshotTransform
Skipping ClasspathEntrySnapshotTransform: C:\Users\danmu\.gradle\caches\modules-2\files-2.1\org.springframework.boot\spring-boot\3.2.0\4088ad23df91481bc7415cbfa068c423ccb7e54e\spring-boot-3.2.0.jar as it is up-to-date.
Skipping ClasspathEntrySnapshotTransform: C:\Users\danmu\.gradle\caches\modules-2\files-2.1\org.springframework.security\spring-security-web\6.2.0\279f836f90d0b7d394abe115e5504b2ff4b66643\spring-security-web-6.2.0.jar as it is up-to-date.
Transforming spring-aspects-6.1.1.jar with ClasspathEntrySnapshotTransform
Caching disabled for ClasspathEntrySnapshotTransform: C:\Users\danmu\.gradle\caches\modules-2\files-2.1\org.springframework\spring-context-support\6.1.1\b24f79e495719e0a47affab13724bf7a6e1d8941\spring-context-support-6.1.1.jar because:
  Build cache is disabled
Caching disabled for ClasspathEntrySnapshotTransform: C:\Users\danmu\.gradle\caches\modules-2\files-2.1\org.springframework\spring-context\6.1.1\610d7dd3f62d22d42b993a201e3110649b68e17\spring-context-6.1.1.jar because:
  Build cache is disabled
Caching disabled for ClasspathEntrySnapshotTransform: C:\Users\danmu\.gradle\caches\modules-2\files-2.1\org.springframework.data\spring-data-redis\3.2.0\6f748ab891e7e4c483a9fcd4c8e3e96b11d5ca9\spring-data-redis-3.2.0.jar because:
  Build cache is disabled
Caching disabled for ClasspathEntrySnapshotTransform: C:\Users\danmu\.gradle\caches\modules-2\files-2.1\org.springframework.data\spring-data-keyvalue\3.2.0\f7bf1ed70ab939b5ce52c3ed7046aa4db9ff9333\spring-data-keyvalue-3.2.0.jar because:
  Build cache is disabled
Skipping ClasspathEntrySnapshotTransform: C:\Users\danmu\.gradle\caches\modules-2\files-2.1\org.springframework.data\spring-data-redis\3.2.0\6f748ab891e7e4c483a9fcd4c8e3e96b11d5ca9\spring-data-redis-3.2.0.jar as it is up-to-date.
Skipping ClasspathEntrySnapshotTransform: C:\Users\danmu\.gradle\caches\modules-2\files-2.1\org.springframework\spring-context\6.1.1\610d7dd3f62d22d42b993a201e3110649b68e17\spring-context-6.1.1.jar as it is up-to-date.
Transforming lettuce-core-6.3.0.RELEASE.jar with ClasspathEntrySnapshotTransform
Caching disabled for ClasspathEntrySnapshotTransform: C:\Users\danmu\.gradle\caches\modules-2\files-2.1\io.micrometer\micrometer-core\1.12.0\830b242b1617b1508098fc4568b71f47336012d3\micrometer-core-1.12.0.jar because:
  Build cache is disabled
Skipping ClasspathEntrySnapshotTransform: C:\Users\danmu\.gradle\caches\modules-2\files-2.1\org.springframework\spring-context-support\6.1.1\b24f79e495719e0a47affab13724bf7a6e1d8941\spring-context-support-6.1.1.jar as it is up-to-date.
Caching disabled for ClasspathEntrySnapshotTransform: C:\Users\danmu\.gradle\caches\modules-2\files-2.1\io.micrometer\micrometer-observation\1.12.0\4f4981faa7968441d0092107df9b750e057374af\micrometer-observation-1.12.0.jar because:
  Build cache is disabled
Skipping ClasspathEntrySnapshotTransform: C:\Users\danmu\.gradle\caches\modules-2\files-2.1\io.micrometer\micrometer-core\1.12.0\830b242b1617b1508098fc4568b71f47336012d3\micrometer-core-1.12.0.jar as it is up-to-date.
Skipping ClasspathEntrySnapshotTransform: C:\Users\danmu\.gradle\caches\modules-2\files-2.1\io.micrometer\micrometer-observation\1.12.0\4f4981faa7968441d0092107df9b750e057374af\micrometer-observation-1.12.0.jar as it is up-to-date.
Skipping ClasspathEntrySnapshotTransform: C:\Users\danmu\.gradle\caches\modules-2\files-2.1\org.springframework.data\spring-data-keyvalue\3.2.0\f7bf1ed70ab939b5ce52c3ed7046aa4db9ff9333\spring-data-keyvalue-3.2.0.jar as it is up-to-date.
Caching disabled for ClasspathEntrySnapshotTransform: C:\Users\danmu\.gradle\caches\modules-2\files-2.1\org.hibernate.orm\hibernate-core\6.3.1.Final\1101d7e09e4853a110fd27a6f35c906f5709ac4f\hibernate-core-6.3.1.Final.jar because:
  Build cache is disabled
Transforming tomcat-embed-el-10.1.16.jar with ClasspathEntrySnapshotTransform
Skipping ClasspathEntrySnapshotTransform: C:\Users\danmu\.gradle\caches\modules-2\files-2.1\org.hibernate.orm\hibernate-core\6.3.1.Final\1101d7e09e4853a110fd27a6f35c906f5709ac4f\hibernate-core-6.3.1.Final.jar as it is up-to-date.
Caching disabled for ClasspathEntrySnapshotTransform: C:\Users\danmu\.gradle\caches\modules-2\files-2.1\org.springframework\spring-aspects\6.1.1\bfcb6682e205b4ef6ae7986ac7ea35eae29f31f4\spring-aspects-6.1.1.jar because:
  Build cache is disabled
Transforming hibernate-validator-8.0.1.Final.jar with ClasspathEntrySnapshotTransform
Skipping ClasspathEntrySnapshotTransform: C:\Users\danmu\.gradle\caches\modules-2\files-2.1\org.springframework\spring-aspects\6.1.1\bfcb6682e205b4ef6ae7986ac7ea35eae29f31f4\spring-aspects-6.1.1.jar as it is up-to-date.
Transforming spring-aop-6.1.1.jar with ClasspathEntrySnapshotTransform
Transforming aws-xml-protocol-2.21.0.jar with ClasspathEntrySnapshotTransform
Caching disabled for ClasspathEntrySnapshotTransform: C:\Users\danmu\.gradle\caches\modules-2\files-2.1\io.lettuce\lettuce-core\6.3.0.RELEASE\e19d2afef1c5c76a6d25ae846a3fe57d8dde8a66\lettuce-core-6.3.0.RELEASE.jar because:
  Build cache is disabled
Transforming aws-query-protocol-2.21.0.jar with ClasspathEntrySnapshotTransform
Skipping ClasspathEntrySnapshotTransform: C:\Users\danmu\.gradle\caches\modules-2\files-2.1\io.lettuce\lettuce-core\6.3.0.RELEASE\e19d2afef1c5c76a6d25ae846a3fe57d8dde8a66\lettuce-core-6.3.0.RELEASE.jar as it is up-to-date.
Caching disabled for ClasspathEntrySnapshotTransform: C:\Users\danmu\.gradle\caches\modules-2\files-2.1\org.apache.tomcat.embed\tomcat-embed-el\10.1.16\f057e54bfffe99df7f0d04cd4e688e55bf8a0da5\tomcat-embed-el-10.1.16.jar because:
  Build cache is disabled
Transforming protocol-core-2.21.0.jar with ClasspathEntrySnapshotTransform
Skipping ClasspathEntrySnapshotTransform: C:\Users\danmu\.gradle\caches\modules-2\files-2.1\org.apache.tomcat.embed\tomcat-embed-el\10.1.16\f057e54bfffe99df7f0d04cd4e688e55bf8a0da5\tomcat-embed-el-10.1.16.jar as it is up-to-date.
Caching disabled for ClasspathEntrySnapshotTransform: C:\Users\danmu\.gradle\caches\modules-2\files-2.1\org.springframework\spring-aop\6.1.1\66cb0e08770d4523ae3976b0b791cde767466c61\spring-aop-6.1.1.jar because:
  Build cache is disabled
Caching disabled for ClasspathEntrySnapshotTransform: C:\Users\danmu\.gradle\caches\modules-2\files-2.1\org.hibernate.validator\hibernate-validator\8.0.1.Final\e49e116b3d3928060599b176b3538bb848718e95\hibernate-validator-8.0.1.Final.jar because:
  Build cache is disabled
Skipping ClasspathEntrySnapshotTransform: C:\Users\danmu\.gradle\caches\modules-2\files-2.1\org.springframework\spring-aop\6.1.1\66cb0e08770d4523ae3976b0b791cde767466c61\spring-aop-6.1.1.jar as it is up-to-date.
Skipping ClasspathEntrySnapshotTransform: C:\Users\danmu\.gradle\caches\modules-2\files-2.1\org.hibernate.validator\hibernate-validator\8.0.1.Final\e49e116b3d3928060599b176b3538bb848718e95\hibernate-validator-8.0.1.Final.jar as it is up-to-date.
Caching disabled for ClasspathEntrySnapshotTransform: C:\Users\danmu\.gradle\caches\modules-2\files-2.1\software.amazon.awssdk\aws-xml-protocol\2.21.0\9d461a79cf47e8dd1653eec17735faa8937ee4f3\aws-xml-protocol-2.21.0.jar because:
  Build cache is disabled
Transforming arns-2.21.0.jar with ClasspathEntrySnapshotTransform
Skipping ClasspathEntrySnapshotTransform: C:\Users\danmu\.gradle\caches\modules-2\files-2.1\software.amazon.awssdk\aws-xml-protocol\2.21.0\9d461a79cf47e8dd1653eec17735faa8937ee4f3\aws-xml-protocol-2.21.0.jar as it is up-to-date.
Caching disabled for ClasspathEntrySnapshotTransform: C:\Users\danmu\.gradle\caches\modules-2\files-2.1\software.amazon.awssdk\aws-query-protocol\2.21.0\5273993ce64b3dd74bfb886a297a11b5202ad88a\aws-query-protocol-2.21.0.jar because:
  Build cache is disabled
Skipping ClasspathEntrySnapshotTransform: C:\Users\danmu\.gradle\caches\modules-2\files-2.1\software.amazon.awssdk\aws-query-protocol\2.21.0\5273993ce64b3dd74bfb886a297a11b5202ad88a\aws-query-protocol-2.21.0.jar as it is up-to-date.
Transforming aws-core-2.21.0.jar with ClasspathEntrySnapshotTransform
Transforming auth-2.21.0.jar with ClasspathEntrySnapshotTransform
Transforming regions-2.21.0.jar with ClasspathEntrySnapshotTransform
Caching disabled for ClasspathEntrySnapshotTransform: C:\Users\danmu\.gradle\caches\modules-2\files-2.1\software.amazon.awssdk\protocol-core\2.21.0\52b548ee90dd649844f970bb25021039bb0fdc25\protocol-core-2.21.0.jar because:
  Build cache is disabled
Skipping ClasspathEntrySnapshotTransform: C:\Users\danmu\.gradle\caches\modules-2\files-2.1\software.amazon.awssdk\protocol-core\2.21.0\52b548ee90dd649844f970bb25021039bb0fdc25\protocol-core-2.21.0.jar as it is up-to-date.
Transforming sdk-core-2.21.0.jar with ClasspathEntrySnapshotTransform
Caching disabled for ClasspathEntrySnapshotTransform: C:\Users\danmu\.gradle\caches\modules-2\files-2.1\software.amazon.awssdk\aws-core\2.21.0\97353bb9e71badf20315048705040b7e269f3392\aws-core-2.21.0.jar because:
  Build cache is disabled
Transforming profiles-2.21.0.jar with ClasspathEntrySnapshotTransform
Skipping ClasspathEntrySnapshotTransform: C:\Users\danmu\.gradle\caches\modules-2\files-2.1\software.amazon.awssdk\aws-core\2.21.0\97353bb9e71badf20315048705040b7e269f3392\aws-core-2.21.0.jar as it is up-to-date.
Caching disabled for ClasspathEntrySnapshotTransform: C:\Users\danmu\.gradle\caches\modules-2\files-2.1\software.amazon.awssdk\arns\2.21.0\f1ac267643b27103fe8e68fe0cc3be863c6eb93\arns-2.21.0.jar because:
  Build cache is disabled
Skipping ClasspathEntrySnapshotTransform: C:\Users\danmu\.gradle\caches\modules-2\files-2.1\software.amazon.awssdk\arns\2.21.0\f1ac267643b27103fe8e68fe0cc3be863c6eb93\arns-2.21.0.jar as it is up-to-date.
Transforming crt-core-2.21.0.jar with ClasspathEntrySnapshotTransform
Caching disabled for ClasspathEntrySnapshotTransform: C:\Users\danmu\.gradle\caches\modules-2\files-2.1\software.amazon.awssdk\auth\2.21.0\fb4a3391e00b81e153fb5c10e3b210d8a7cb9115\auth-2.21.0.jar because:
  Build cache is disabled
Skipping ClasspathEntrySnapshotTransform: C:\Users\danmu\.gradle\caches\modules-2\files-2.1\software.amazon.awssdk\auth\2.21.0\fb4a3391e00b81e153fb5c10e3b210d8a7cb9115\auth-2.21.0.jar as it is up-to-date.
Transforming http-auth-2.21.0.jar with ClasspathEntrySnapshotTransform
Transforming http-auth-aws-2.21.0.jar with ClasspathEntrySnapshotTransform
Caching disabled for ClasspathEntrySnapshotTransform: C:\Users\danmu\.gradle\caches\modules-2\files-2.1\software.amazon.awssdk\regions\2.21.0\7b119c1d95d4f2cee0e8e78ea91bb66839e6c41a\regions-2.21.0.jar because:
  Build cache is disabled
Caching disabled for ClasspathEntrySnapshotTransform: C:\Users\danmu\.gradle\caches\modules-2\files-2.1\software.amazon.awssdk\profiles\2.21.0\28347671d14af0c7d31ff2cc12df1ecdc8bd1cec\profiles-2.21.0.jar because:
  Build cache is disabled
Skipping ClasspathEntrySnapshotTransform: C:\Users\danmu\.gradle\caches\modules-2\files-2.1\software.amazon.awssdk\regions\2.21.0\7b119c1d95d4f2cee0e8e78ea91bb66839e6c41a\regions-2.21.0.jar as it is up-to-date.
Transforming http-auth-spi-2.21.0.jar with ClasspathEntrySnapshotTransform
Skipping ClasspathEntrySnapshotTransform: C:\Users\danmu\.gradle\caches\modules-2\files-2.1\software.amazon.awssdk\profiles\2.21.0\28347671d14af0c7d31ff2cc12df1ecdc8bd1cec\profiles-2.21.0.jar as it is up-to-date.
Caching disabled for ClasspathEntrySnapshotTransform: C:\Users\danmu\.gradle\caches\modules-2\files-2.1\software.amazon.awssdk\sdk-core\2.21.0\57adaf33143e449550720f68ed5afbd68911b31e\sdk-core-2.21.0.jar because:
  Build cache is disabled
Transforming identity-spi-2.21.0.jar with ClasspathEntrySnapshotTransform
Skipping ClasspathEntrySnapshotTransform: C:\Users\danmu\.gradle\caches\modules-2\files-2.1\software.amazon.awssdk\sdk-core\2.21.0\57adaf33143e449550720f68ed5afbd68911b31e\sdk-core-2.21.0.jar as it is up-to-date.
Caching disabled for ClasspathEntrySnapshotTransform: C:\Users\danmu\.gradle\caches\modules-2\files-2.1\software.amazon.awssdk\crt-core\2.21.0\83aa428bdc4891f9d4da8de5fb27a7014a38417c\crt-core-2.21.0.jar because:
  Build cache is disabled
Caching disabled for ClasspathEntrySnapshotTransform: C:\Users\danmu\.gradle\caches\modules-2\files-2.1\software.amazon.awssdk\http-auth\2.21.0\336191e4947dabb9b5d36d6a79f689a48fe623e8\http-auth-2.21.0.jar because:
  Build cache is disabled
Transforming http-client-spi-2.21.0.jar with ClasspathEntrySnapshotTransform
Caching disabled for ClasspathEntrySnapshotTransform: C:\Users\danmu\.gradle\caches\modules-2\files-2.1\software.amazon.awssdk\http-auth-aws\2.21.0\4458d944c54636a22996f1f0e958631d36c3b90f\http-auth-aws-2.21.0.jar because:
  Build cache is disabled
Skipping ClasspathEntrySnapshotTransform: C:\Users\danmu\.gradle\caches\modules-2\files-2.1\software.amazon.awssdk\crt-core\2.21.0\83aa428bdc4891f9d4da8de5fb27a7014a38417c\crt-core-2.21.0.jar as it is up-to-date.
Skipping ClasspathEntrySnapshotTransform: C:\Users\danmu\.gradle\caches\modules-2\files-2.1\software.amazon.awssdk\http-auth\2.21.0\336191e4947dabb9b5d36d6a79f689a48fe623e8\http-auth-2.21.0.jar as it is up-to-date.
Skipping ClasspathEntrySnapshotTransform: C:\Users\danmu\.gradle\caches\modules-2\files-2.1\software.amazon.awssdk\http-auth-aws\2.21.0\4458d944c54636a22996f1f0e958631d36c3b90f\http-auth-aws-2.21.0.jar as it is up-to-date.
Transforming metrics-spi-2.21.0.jar with ClasspathEntrySnapshotTransform
Caching disabled for ClasspathEntrySnapshotTransform: C:\Users\danmu\.gradle\caches\modules-2\files-2.1\software.amazon.awssdk\http-auth-spi\2.21.0\357ef68a142637751b0cc73c2654b756647f3e4d\http-auth-spi-2.21.0.jar because:
  Build cache is disabled
Skipping ClasspathEntrySnapshotTransform: C:\Users\danmu\.gradle\caches\modules-2\files-2.1\software.amazon.awssdk\http-auth-spi\2.21.0\357ef68a142637751b0cc73c2654b756647f3e4d\http-auth-spi-2.21.0.jar as it is up-to-date.
Transforming json-utils-2.21.0.jar with ClasspathEntrySnapshotTransform
Caching disabled for ClasspathEntrySnapshotTransform: C:\Users\danmu\.gradle\caches\modules-2\files-2.1\software.amazon.awssdk\identity-spi\2.21.0\5cdfcc653902cf4b96c9018f9437f4a42d753821\identity-spi-2.21.0.jar because:
  Build cache is disabled
Transforming utils-2.21.0.jar with ClasspathEntrySnapshotTransform
Skipping ClasspathEntrySnapshotTransform: C:\Users\danmu\.gradle\caches\modules-2\files-2.1\software.amazon.awssdk\identity-spi\2.21.0\5cdfcc653902cf4b96c9018f9437f4a42d753821\identity-spi-2.21.0.jar as it is up-to-date.
Caching disabled for ClasspathEntrySnapshotTransform: C:\Users\danmu\.gradle\caches\modules-2\files-2.1\software.amazon.awssdk\http-client-spi\2.21.0\b4c97018f7218ae09729cfee9bb4507908082e3d\http-client-spi-2.21.0.jar because:
  Build cache is disabled
Transforming endpoints-spi-2.21.0.jar with ClasspathEntrySnapshotTransform
Skipping ClasspathEntrySnapshotTransform: C:\Users\danmu\.gradle\caches\modules-2\files-2.1\software.amazon.awssdk\http-client-spi\2.21.0\b4c97018f7218ae09729cfee9bb4507908082e3d\http-client-spi-2.21.0.jar as it is up-to-date.
Caching disabled for ClasspathEntrySnapshotTransform: C:\Users\danmu\.gradle\caches\modules-2\files-2.1\software.amazon.awssdk\metrics-spi\2.21.0\3d205ed79487a4fea1570fb6fd7a56c4b3d8818c\metrics-spi-2.21.0.jar because:
  Build cache is disabled
Transforming checksums-2.21.0.jar with ClasspathEntrySnapshotTransform
Skipping ClasspathEntrySnapshotTransform: C:\Users\danmu\.gradle\caches\modules-2\files-2.1\software.amazon.awssdk\metrics-spi\2.21.0\3d205ed79487a4fea1570fb6fd7a56c4b3d8818c\metrics-spi-2.21.0.jar as it is up-to-date.
Caching disabled for ClasspathEntrySnapshotTransform: C:\Users\danmu\.gradle\caches\modules-2\files-2.1\software.amazon.awssdk\json-utils\2.21.0\7a94a3ab36fd375a4c5d0e0154b7b52351606b5f\json-utils-2.21.0.jar because:
  Build cache is disabled
Transforming checksums-spi-2.21.0.jar with ClasspathEntrySnapshotTransform
Skipping ClasspathEntrySnapshotTransform: C:\Users\danmu\.gradle\caches\modules-2\files-2.1\software.amazon.awssdk\json-utils\2.21.0\7a94a3ab36fd375a4c5d0e0154b7b52351606b5f\json-utils-2.21.0.jar as it is up-to-date.
Caching disabled for ClasspathEntrySnapshotTransform: C:\Users\danmu\.gradle\caches\modules-2\files-2.1\software.amazon.awssdk\utils\2.21.0\8bdc9c538ed35d79fc9215a57f25f90a7f120cd2\utils-2.21.0.jar because:
  Build cache is disabled
Transforming annotations-2.21.0.jar with ClasspathEntrySnapshotTransform
Skipping ClasspathEntrySnapshotTransform: C:\Users\danmu\.gradle\caches\modules-2\files-2.1\software.amazon.awssdk\utils\2.21.0\8bdc9c538ed35d79fc9215a57f25f90a7f120cd2\utils-2.21.0.jar as it is up-to-date.
Caching disabled for ClasspathEntrySnapshotTransform: C:\Users\danmu\.gradle\caches\modules-2\files-2.1\software.amazon.awssdk\endpoints-spi\2.21.0\f829c18f0cd92eb23f19bbad39a3d4789abebb8d\endpoints-spi-2.21.0.jar because:
  Build cache is disabled
Skipping ClasspathEntrySnapshotTransform: C:\Users\danmu\.gradle\caches\modules-2\files-2.1\software.amazon.awssdk\endpoints-spi\2.21.0\f829c18f0cd92eb23f19bbad39a3d4789abebb8d\endpoints-spi-2.21.0.jar as it is up-to-date.
Transforming spring-boot-starter-logging-3.2.0.jar with ClasspathEntrySnapshotTransform
Caching disabled for ClasspathEntrySnapshotTransform: C:\Users\danmu\.gradle\caches\modules-2\files-2.1\software.amazon.awssdk\checksums\2.21.0\e415723dbf60f07650891cba0a9a5812e730fa34\checksums-2.21.0.jar because:
  Build cache is disabled
Skipping ClasspathEntrySnapshotTransform: C:\Users\danmu\.gradle\caches\modules-2\files-2.1\software.amazon.awssdk\checksums\2.21.0\e415723dbf60f07650891cba0a9a5812e730fa34\checksums-2.21.0.jar as it is up-to-date.
Transforming jakarta.annotation-api-2.1.1.jar with ClasspathEntrySnapshotTransform
Caching disabled for ClasspathEntrySnapshotTransform: C:\Users\danmu\.gradle\caches\modules-2\files-2.1\software.amazon.awssdk\checksums-spi\2.21.0\1b65e11f6cc1d87d0a623436e2979f42bc332ac9\checksums-spi-2.21.0.jar because:
  Build cache is disabled
Skipping ClasspathEntrySnapshotTransform: C:\Users\danmu\.gradle\caches\modules-2\files-2.1\software.amazon.awssdk\checksums-spi\2.21.0\1b65e11f6cc1d87d0a623436e2979f42bc332ac9\checksums-spi-2.21.0.jar as it is up-to-date.
Transforming spring-orm-6.1.1.jar with ClasspathEntrySnapshotTransform
Transforming spring-jdbc-6.1.1.jar with ClasspathEntrySnapshotTransform
Caching disabled for ClasspathEntrySnapshotTransform: C:\Users\danmu\.gradle\caches\modules-2\files-2.1\software.amazon.awssdk\annotations\2.21.0\1fc1d3976b1f557dddc7e37eb3964ee971f393aa\annotations-2.21.0.jar because:
  Build cache is disabled
Transforming spring-data-commons-3.2.0.jar with ClasspathEntrySnapshotTransform
Skipping ClasspathEntrySnapshotTransform: C:\Users\danmu\.gradle\caches\modules-2\files-2.1\software.amazon.awssdk\annotations\2.21.0\1fc1d3976b1f557dddc7e37eb3964ee971f393aa\annotations-2.21.0.jar as it is up-to-date.
Transforming spring-tx-6.1.1.jar with ClasspathEntrySnapshotTransform
Caching disabled for ClasspathEntrySnapshotTransform: C:\Users\danmu\.gradle\caches\modules-2\files-2.1\org.springframework.boot\spring-boot-starter-logging\3.2.0\54998ab18f16e8d3a6e46c3d326f2de41c0b1ce0\spring-boot-starter-logging-3.2.0.jar because:
  Build cache is disabled
Caching disabled for ClasspathEntrySnapshotTransform: C:\Users\danmu\.gradle\caches\modules-2\files-2.1\jakarta.annotation\jakarta.annotation-api\2.1.1\48b9bda22b091b1f48b13af03fe36db3be6e1ae3\jakarta.annotation-api-2.1.1.jar because:
  Build cache is disabled
Skipping ClasspathEntrySnapshotTransform: C:\Users\danmu\.gradle\caches\modules-2\files-2.1\org.springframework.boot\spring-boot-starter-logging\3.2.0\54998ab18f16e8d3a6e46c3d326f2de41c0b1ce0\spring-boot-starter-logging-3.2.0.jar as it is up-to-date.
Transforming spring-oxm-6.1.1.jar with ClasspathEntrySnapshotTransform
Skipping ClasspathEntrySnapshotTransform: C:\Users\danmu\.gradle\caches\modules-2\files-2.1\jakarta.annotation\jakarta.annotation-api\2.1.1\48b9bda22b091b1f48b13af03fe36db3be6e1ae3\jakarta.annotation-api-2.1.1.jar as it is up-to-date.
Caching disabled for ClasspathEntrySnapshotTransform: C:\Users\danmu\.gradle\caches\modules-2\files-2.1\org.springframework\spring-orm\6.1.1\e9672bb788f74ed12f9ad9e2bf12eb9e4d7c8695\spring-orm-6.1.1.jar because:
  Build cache is disabled
Transforming spring-beans-6.1.1.jar with ClasspathEntrySnapshotTransform
Skipping ClasspathEntrySnapshotTransform: C:\Users\danmu\.gradle\caches\modules-2\files-2.1\org.springframework\spring-orm\6.1.1\e9672bb788f74ed12f9ad9e2bf12eb9e4d7c8695\spring-orm-6.1.1.jar as it is up-to-date.
Caching disabled for ClasspathEntrySnapshotTransform: C:\Users\danmu\.gradle\caches\modules-2\files-2.1\org.springframework\spring-jdbc\6.1.1\92f1f65c3d8ccee4a86cd8f85a446d99f2915833\spring-jdbc-6.1.1.jar because:
  Build cache is disabled
Caching disabled for ClasspathEntrySnapshotTransform: C:\Users\danmu\.gradle\caches\modules-2\files-2.1\org.springframework.data\spring-data-commons\3.2.0\1c98c48b9fde0624337e19f3577fce20d19b78ea\spring-data-commons-3.2.0.jar because:
  Build cache is disabled
Transforming spring-expression-6.1.1.jar with ClasspathEntrySnapshotTransform
Skipping ClasspathEntrySnapshotTransform: C:\Users\danmu\.gradle\caches\modules-2\files-2.1\org.springframework\spring-jdbc\6.1.1\92f1f65c3d8ccee4a86cd8f85a446d99f2915833\spring-jdbc-6.1.1.jar as it is up-to-date.
Skipping ClasspathEntrySnapshotTransform: C:\Users\danmu\.gradle\caches\modules-2\files-2.1\org.springframework.data\spring-data-commons\3.2.0\1c98c48b9fde0624337e19f3577fce20d19b78ea\spring-data-commons-3.2.0.jar as it is up-to-date.
Caching disabled for ClasspathEntrySnapshotTransform: C:\Users\danmu\.gradle\caches\modules-2\files-2.1\org.springframework\spring-tx\6.1.1\100cf99c3e41b12eab810d780c0e6e3905c51c12\spring-tx-6.1.1.jar because:
  Build cache is disabled
Caching disabled for ClasspathEntrySnapshotTransform: C:\Users\danmu\.gradle\caches\modules-2\files-2.1\org.springframework\spring-oxm\6.1.1\2940702b9f9d4396abb9abe28229eda49edf54fe\spring-oxm-6.1.1.jar because:
  Build cache is disabled
Skipping ClasspathEntrySnapshotTransform: C:\Users\danmu\.gradle\caches\modules-2\files-2.1\org.springframework\spring-oxm\6.1.1\2940702b9f9d4396abb9abe28229eda49edf54fe\spring-oxm-6.1.1.jar as it is up-to-date.
Transforming spring-core-6.1.1.jar with ClasspathEntrySnapshotTransform
Skipping ClasspathEntrySnapshotTransform: C:\Users\danmu\.gradle\caches\modules-2\files-2.1\org.springframework\spring-tx\6.1.1\100cf99c3e41b12eab810d780c0e6e3905c51c12\spring-tx-6.1.1.jar as it is up-to-date.
Transforming snakeyaml-2.2.jar with ClasspathEntrySnapshotTransform
Caching disabled for ClasspathEntrySnapshotTransform: C:\Users\danmu\.gradle\caches\modules-2\files-2.1\org.springframework\spring-beans\6.1.1\6af88af13193acf2197bc0a42f0ec4e5c481bfe9\spring-beans-6.1.1.jar because:
  Build cache is disabled
Skipping ClasspathEntrySnapshotTransform: C:\Users\danmu\.gradle\caches\modules-2\files-2.1\org.springframework\spring-beans\6.1.1\6af88af13193acf2197bc0a42f0ec4e5c481bfe9\spring-beans-6.1.1.jar as it is up-to-date.
Transforming tomcat-embed-websocket-10.1.16.jar with ClasspathEntrySnapshotTransform
Transforming tomcat-embed-core-10.1.16.jar with ClasspathEntrySnapshotTransform
Caching disabled for ClasspathEntrySnapshotTransform: C:\Users\danmu\.gradle\caches\modules-2\files-2.1\org.springframework\spring-expression\6.1.1\807700a64cb055ed85af189d1fa0702bc0d2efba\spring-expression-6.1.1.jar because:
  Build cache is disabled
Caching disabled for ClasspathEntrySnapshotTransform: C:\Users\danmu\.gradle\caches\modules-2\files-2.1\org.springframework\spring-core\6.1.1\22d73bef97aff8a74a992716fe1aafc8f8a8a68d\spring-core-6.1.1.jar because:
  Build cache is disabled
Transforming micrometer-commons-1.12.0.jar with ClasspathEntrySnapshotTransform
Skipping ClasspathEntrySnapshotTransform: C:\Users\danmu\.gradle\caches\modules-2\files-2.1\org.springframework\spring-expression\6.1.1\807700a64cb055ed85af189d1fa0702bc0d2efba\spring-expression-6.1.1.jar as it is up-to-date.
Skipping ClasspathEntrySnapshotTransform: C:\Users\danmu\.gradle\caches\modules-2\files-2.1\org.springframework\spring-core\6.1.1\22d73bef97aff8a74a992716fe1aafc8f8a8a68d\spring-core-6.1.1.jar as it is up-to-date.
Caching disabled for ClasspathEntrySnapshotTransform: C:\Users\danmu\.gradle\caches\modules-2\files-2.1\org.yaml\snakeyaml\2.2\3af797a25458550a16bf89acc8e4ab2b7f2bfce0\snakeyaml-2.2.jar because:
  Build cache is disabled
Skipping ClasspathEntrySnapshotTransform: C:\Users\danmu\.gradle\caches\modules-2\files-2.1\org.yaml\snakeyaml\2.2\3af797a25458550a16bf89acc8e4ab2b7f2bfce0\snakeyaml-2.2.jar as it is up-to-date.
Transforming aspectjweaver-1.9.20.1.jar with ClasspathEntrySnapshotTransform
Caching disabled for ClasspathEntrySnapshotTransform: C:\Users\danmu\.gradle\caches\modules-2\files-2.1\org.apache.tomcat.embed\tomcat-embed-websocket\10.1.16\5c372739ee9409b47c474d8d47d276a7cd9bc2b\tomcat-embed-websocket-10.1.16.jar because:
  Build cache is disabled
Transforming HikariCP-5.0.1.jar with ClasspathEntrySnapshotTransform
Skipping ClasspathEntrySnapshotTransform: C:\Users\danmu\.gradle\caches\modules-2\files-2.1\org.apache.tomcat.embed\tomcat-embed-websocket\10.1.16\5c372739ee9409b47c474d8d47d276a7cd9bc2b\tomcat-embed-websocket-10.1.16.jar as it is up-to-date.
Caching disabled for ClasspathEntrySnapshotTransform: C:\Users\danmu\.gradle\caches\modules-2\files-2.1\org.apache.tomcat.embed\tomcat-embed-core\10.1.16\176162fb3998856a90436826034ffe5d25beaeb9\tomcat-embed-core-10.1.16.jar because:
  Build cache is disabled
Skipping ClasspathEntrySnapshotTransform: C:\Users\danmu\.gradle\caches\modules-2\files-2.1\org.apache.tomcat.embed\tomcat-embed-core\10.1.16\176162fb3998856a90436826034ffe5d25beaeb9\tomcat-embed-core-10.1.16.jar as it is up-to-date.
Caching disabled for ClasspathEntrySnapshotTransform: C:\Users\danmu\.gradle\caches\modules-2\files-2.1\io.micrometer\micrometer-commons\1.12.0\2436654d439bd4ff6aad6419519357be8ba4f0d\micrometer-commons-1.12.0.jar because:
  Build cache is disabled
Transforming jakarta.persistence-api-3.1.0.jar with ClasspathEntrySnapshotTransform
Skipping ClasspathEntrySnapshotTransform: C:\Users\danmu\.gradle\caches\modules-2\files-2.1\io.micrometer\micrometer-commons\1.12.0\2436654d439bd4ff6aad6419519357be8ba4f0d\micrometer-commons-1.12.0.jar as it is up-to-date.
Caching disabled for ClasspathEntrySnapshotTransform: C:\Users\danmu\.gradle\caches\modules-2\files-2.1\org.aspectj\aspectjweaver\1.9.20.1\33b0e41476658229933eec7134678cf336e66dd4\aspectjweaver-1.9.20.1.jar because:
  Build cache is disabled
Transforming jakarta.transaction-api-2.0.1.jar with ClasspathEntrySnapshotTransform
Skipping ClasspathEntrySnapshotTransform: C:\Users\danmu\.gradle\caches\modules-2\files-2.1\org.aspectj\aspectjweaver\1.9.20.1\33b0e41476658229933eec7134678cf336e66dd4\aspectjweaver-1.9.20.1.jar as it is up-to-date.
Transforming antlr4-runtime-4.10.1.jar with ClasspathEntrySnapshotTransform
Caching disabled for ClasspathEntrySnapshotTransform: C:\Users\danmu\.gradle\caches\modules-2\files-2.1\com.zaxxer\HikariCP\5.0.1\a74c7f0a37046846e88d54f7cb6ea6d565c65f9c\HikariCP-5.0.1.jar because:
  Build cache is disabled
Skipping ClasspathEntrySnapshotTransform: C:\Users\danmu\.gradle\caches\modules-2\files-2.1\com.zaxxer\HikariCP\5.0.1\a74c7f0a37046846e88d54f7cb6ea6d565c65f9c\HikariCP-5.0.1.jar as it is up-to-date.
Caching disabled for ClasspathEntrySnapshotTransform: C:\Users\danmu\.gradle\caches\modules-2\files-2.1\jakarta.persistence\jakarta.persistence-api\3.1.0\66901fa1c373c6aff65c13791cc11da72060a8d6\jakarta.persistence-api-3.1.0.jar because:
  Build cache is disabled
Skipping ClasspathEntrySnapshotTransform: C:\Users\danmu\.gradle\caches\modules-2\files-2.1\jakarta.persistence\jakarta.persistence-api\3.1.0\66901fa1c373c6aff65c13791cc11da72060a8d6\jakarta.persistence-api-3.1.0.jar as it is up-to-date.
Transforming logback-classic-1.4.11.jar with ClasspathEntrySnapshotTransform
Transforming log4j-to-slf4j-2.21.1.jar with ClasspathEntrySnapshotTransform
Transforming jul-to-slf4j-2.0.9.jar with ClasspathEntrySnapshotTransform
Caching disabled for ClasspathEntrySnapshotTransform: C:\Users\danmu\.gradle\caches\modules-2\files-2.1\jakarta.transaction\jakarta.transaction-api\2.0.1\51a520e3fae406abb84e2e1148e6746ce3f80a1a\jakarta.transaction-api-2.0.1.jar because:
  Build cache is disabled
Caching disabled for ClasspathEntrySnapshotTransform: C:\Users\danmu\.gradle\caches\modules-2\files-2.1\org.antlr\antlr4-runtime\4.10.1\10839f875928f59c622d675091d51a43ea0dc5f7\antlr4-runtime-4.10.1.jar because:
  Build cache is disabled
Skipping ClasspathEntrySnapshotTransform: C:\Users\danmu\.gradle\caches\modules-2\files-2.1\jakarta.transaction\jakarta.transaction-api\2.0.1\51a520e3fae406abb84e2e1148e6746ce3f80a1a\jakarta.transaction-api-2.0.1.jar as it is up-to-date.
Caching disabled for ClasspathEntrySnapshotTransform: C:\Users\danmu\.gradle\caches\modules-2\files-2.1\ch.qos.logback\logback-classic\1.4.11\54450c0c783e896a1a6d88c043bd2f1daba1c382\logback-classic-1.4.11.jar because:
  Build cache is disabled
Skipping ClasspathEntrySnapshotTransform: C:\Users\danmu\.gradle\caches\modules-2\files-2.1\org.antlr\antlr4-runtime\4.10.1\10839f875928f59c622d675091d51a43ea0dc5f7\antlr4-runtime-4.10.1.jar as it is up-to-date.
Transforming slf4j-api-2.0.9.jar with ClasspathEntrySnapshotTransform
Caching disabled for ClasspathEntrySnapshotTransform: C:\Users\danmu\.gradle\caches\modules-2\files-2.1\org.apache.logging.log4j\log4j-to-slf4j\2.21.1\d77b2ba81711ed596cd797cc2b5b5bd7409d841c\log4j-to-slf4j-2.21.1.jar because:
  Build cache is disabled
Skipping ClasspathEntrySnapshotTransform: C:\Users\danmu\.gradle\caches\modules-2\files-2.1\ch.qos.logback\logback-classic\1.4.11\54450c0c783e896a1a6d88c043bd2f1daba1c382\logback-classic-1.4.11.jar as it is up-to-date.
Skipping ClasspathEntrySnapshotTransform: C:\Users\danmu\.gradle\caches\modules-2\files-2.1\org.apache.logging.log4j\log4j-to-slf4j\2.21.1\d77b2ba81711ed596cd797cc2b5b5bd7409d841c\log4j-to-slf4j-2.21.1.jar as it is up-to-date.
Transforming netty-handler-4.1.101.Final.jar with ClasspathEntrySnapshotTransform
Transforming netty-transport-native-unix-common-4.1.101.Final.jar with ClasspathEntrySnapshotTransform
Caching disabled for ClasspathEntrySnapshotTransform: C:\Users\danmu\.gradle\caches\modules-2\files-2.1\org.slf4j\jul-to-slf4j\2.0.9\9ef7c70b248185845f013f49a33ff9ca65b7975\jul-to-slf4j-2.0.9.jar because:
  Build cache is disabled
Transforming netty-codec-4.1.101.Final.jar with ClasspathEntrySnapshotTransform
Skipping ClasspathEntrySnapshotTransform: C:\Users\danmu\.gradle\caches\modules-2\files-2.1\org.slf4j\jul-to-slf4j\2.0.9\9ef7c70b248185845f013f49a33ff9ca65b7975\jul-to-slf4j-2.0.9.jar as it is up-to-date.
Transforming netty-transport-4.1.101.Final.jar with ClasspathEntrySnapshotTransform
Caching disabled for ClasspathEntrySnapshotTransform: C:\Users\danmu\.gradle\caches\modules-2\files-2.1\org.slf4j\slf4j-api\2.0.9\7cf2726fdcfbc8610f9a71fb3ed639871f315340\slf4j-api-2.0.9.jar because:
  Build cache is disabled
Caching disabled for ClasspathEntrySnapshotTransform: C:\Users\danmu\.gradle\caches\modules-2\files-2.1\io.netty\netty-handler\4.1.101.Final\7800aea949bf95f63df73166d144e49405b279dd\netty-handler-4.1.101.Final.jar because:
  Build cache is disabled
Transforming netty-resolver-4.1.101.Final.jar with ClasspathEntrySnapshotTransform
Skipping ClasspathEntrySnapshotTransform: C:\Users\danmu\.gradle\caches\modules-2\files-2.1\io.netty\netty-handler\4.1.101.Final\7800aea949bf95f63df73166d144e49405b279dd\netty-handler-4.1.101.Final.jar as it is up-to-date.
Skipping ClasspathEntrySnapshotTransform: C:\Users\danmu\.gradle\caches\modules-2\files-2.1\org.slf4j\slf4j-api\2.0.9\7cf2726fdcfbc8610f9a71fb3ed639871f315340\slf4j-api-2.0.9.jar as it is up-to-date.
Caching disabled for ClasspathEntrySnapshotTransform: C:\Users\danmu\.gradle\caches\modules-2\files-2.1\io.netty\netty-transport-native-unix-common\4.1.101.Final\d0697ef1d71c6111a1b18a387fa985fd6398ace2\netty-transport-native-unix-common-4.1.101.Final.jar because:
  Build cache is disabled
Caching disabled for ClasspathEntrySnapshotTransform: C:\Users\danmu\.gradle\caches\modules-2\files-2.1\io.netty\netty-codec\4.1.101.Final\642523c57c4be15b8b461be7b1532262d193bbb3\netty-codec-4.1.101.Final.jar because:
  Build cache is disabled
Transforming netty-buffer-4.1.101.Final.jar with ClasspathEntrySnapshotTransform
Skipping ClasspathEntrySnapshotTransform: C:\Users\danmu\.gradle\caches\modules-2\files-2.1\io.netty\netty-transport-native-unix-common\4.1.101.Final\d0697ef1d71c6111a1b18a387fa985fd6398ace2\netty-transport-native-unix-common-4.1.101.Final.jar as it is up-to-date.
Skipping ClasspathEntrySnapshotTransform: C:\Users\danmu\.gradle\caches\modules-2\files-2.1\io.netty\netty-codec\4.1.101.Final\642523c57c4be15b8b461be7b1532262d193bbb3\netty-codec-4.1.101.Final.jar as it is up-to-date.
Transforming netty-common-4.1.101.Final.jar with ClasspathEntrySnapshotTransform
Caching disabled for ClasspathEntrySnapshotTransform: C:\Users\danmu\.gradle\caches\modules-2\files-2.1\io.netty\netty-transport\4.1.101.Final\b36cc2337b4a4135df7ee2f2d77431c3b541dc5\netty-transport-4.1.101.Final.jar because:
  Build cache is disabled
Skipping ClasspathEntrySnapshotTransform: C:\Users\danmu\.gradle\caches\modules-2\files-2.1\io.netty\netty-transport\4.1.101.Final\b36cc2337b4a4135df7ee2f2d77431c3b541dc5\netty-transport-4.1.101.Final.jar as it is up-to-date.
Transforming reactor-core-3.6.0.jar with ClasspathEntrySnapshotTransform
Transforming jakarta.validation-api-3.0.2.jar with ClasspathEntrySnapshotTransform
Caching disabled for ClasspathEntrySnapshotTransform: C:\Users\danmu\.gradle\caches\modules-2\files-2.1\io.netty\netty-resolver\4.1.101.Final\5e7eddfa4dfffcbd375d265d1fd08297df94f82f\netty-resolver-4.1.101.Final.jar because:
  Build cache is disabled
Skipping ClasspathEntrySnapshotTransform: C:\Users\danmu\.gradle\caches\modules-2\files-2.1\io.netty\netty-resolver\4.1.101.Final\5e7eddfa4dfffcbd375d265d1fd08297df94f82f\netty-resolver-4.1.101.Final.jar as it is up-to-date.
Transforming jboss-logging-3.5.3.Final.jar with ClasspathEntrySnapshotTransform
Caching disabled for ClasspathEntrySnapshotTransform: C:\Users\danmu\.gradle\caches\modules-2\files-2.1\io.netty\netty-buffer\4.1.101.Final\a4d94fd6cdf7a37b15237e32434afd6b955cc591\netty-buffer-4.1.101.Final.jar because:
  Build cache is disabled
Transforming classmate-1.6.0.jar with ClasspathEntrySnapshotTransform
Caching disabled for ClasspathEntrySnapshotTransform: C:\Users\danmu\.gradle\caches\modules-2\files-2.1\io.netty\netty-common\4.1.101.Final\bdb16e4d308b5757123decc886896815d1daf7a3\netty-common-4.1.101.Final.jar because:
  Build cache is disabled
Skipping ClasspathEntrySnapshotTransform: C:\Users\danmu\.gradle\caches\modules-2\files-2.1\io.netty\netty-buffer\4.1.101.Final\a4d94fd6cdf7a37b15237e32434afd6b955cc591\netty-buffer-4.1.101.Final.jar as it is up-to-date.
Skipping ClasspathEntrySnapshotTransform: C:\Users\danmu\.gradle\caches\modules-2\files-2.1\io.netty\netty-common\4.1.101.Final\bdb16e4d308b5757123decc886896815d1daf7a3\netty-common-4.1.101.Final.jar as it is up-to-date.
Transforming spring-security-crypto-6.2.0.jar with ClasspathEntrySnapshotTransform
Caching disabled for ClasspathEntrySnapshotTransform: C:\Users\danmu\.gradle\caches\modules-2\files-2.1\jakarta.validation\jakarta.validation-api\3.0.2\92b6631659ba35ca09e44874d3eb936edfeee532\jakarta.validation-api-3.0.2.jar because:
  Build cache is disabled
Caching disabled for ClasspathEntrySnapshotTransform: C:\Users\danmu\.gradle\caches\modules-2\files-2.1\io.projectreactor\reactor-core\3.6.0\ac8c6923f46c0dff079133e010f0aa3132ccf1c2\reactor-core-3.6.0.jar because:
  Build cache is disabled
Skipping ClasspathEntrySnapshotTransform: C:\Users\danmu\.gradle\caches\modules-2\files-2.1\jakarta.validation\jakarta.validation-api\3.0.2\92b6631659ba35ca09e44874d3eb936edfeee532\jakarta.validation-api-3.0.2.jar as it is up-to-date.
Transforming oauth2-oidc-sdk-9.43.3.jar with ClasspathEntrySnapshotTransform
Skipping ClasspathEntrySnapshotTransform: C:\Users\danmu\.gradle\caches\modules-2\files-2.1\io.projectreactor\reactor-core\3.6.0\ac8c6923f46c0dff079133e010f0aa3132ccf1c2\reactor-core-3.6.0.jar as it is up-to-date.
Transforming nimbus-jose-jwt-9.24.4.jar with ClasspathEntrySnapshotTransform
Caching disabled for ClasspathEntrySnapshotTransform: C:\Users\danmu\.gradle\caches\modules-2\files-2.1\com.fasterxml\classmate\1.6.0\91affab6f84a2182fce5dd72a8d01bc14346dddd\classmate-1.6.0.jar because:
  Build cache is disabled
Skipping ClasspathEntrySnapshotTransform: C:\Users\danmu\.gradle\caches\modules-2\files-2.1\com.fasterxml\classmate\1.6.0\91affab6f84a2182fce5dd72a8d01bc14346dddd\classmate-1.6.0.jar as it is up-to-date.
Transforming reactive-streams-1.0.4.jar with ClasspathEntrySnapshotTransform
Caching disabled for ClasspathEntrySnapshotTransform: C:\Users\danmu\.gradle\caches\modules-2\files-2.1\org.jboss.logging\jboss-logging\3.5.3.Final\c88fc1d8a96d4c3491f55d4317458ccad53ca663\jboss-logging-3.5.3.Final.jar because:
  Build cache is disabled
Skipping ClasspathEntrySnapshotTransform: C:\Users\danmu\.gradle\caches\modules-2\files-2.1\org.jboss.logging\jboss-logging\3.5.3.Final\c88fc1d8a96d4c3491f55d4317458ccad53ca663\jboss-logging-3.5.3.Final.jar as it is up-to-date.
Transforming eventstream-1.0.1.jar with ClasspathEntrySnapshotTransform
Caching disabled for ClasspathEntrySnapshotTransform: C:\Users\danmu\.gradle\caches\modules-2\files-2.1\org.springframework.security\spring-security-crypto\6.2.0\7cee6007ede44a19a3773912dbdac86ff53d0549\spring-security-crypto-6.2.0.jar because:
  Build cache is disabled
Transforming third-party-jackson-core-2.21.0.jar with ClasspathEntrySnapshotTransform
Caching disabled for ClasspathEntrySnapshotTransform: C:\Users\danmu\.gradle\caches\modules-2\files-2.1\com.nimbusds\oauth2-oidc-sdk\9.43.3\31709dab9f6531cc5c8f0d7e50ed5ccf10127877\oauth2-oidc-sdk-9.43.3.jar because:
  Build cache is disabled
Skipping ClasspathEntrySnapshotTransform: C:\Users\danmu\.gradle\caches\modules-2\files-2.1\org.springframework.security\spring-security-crypto\6.2.0\7cee6007ede44a19a3773912dbdac86ff53d0549\spring-security-crypto-6.2.0.jar as it is up-to-date.
Transforming spring-jcl-6.1.1.jar with ClasspathEntrySnapshotTransform
Skipping ClasspathEntrySnapshotTransform: C:\Users\danmu\.gradle\caches\modules-2\files-2.1\com.nimbusds\oauth2-oidc-sdk\9.43.3\31709dab9f6531cc5c8f0d7e50ed5ccf10127877\oauth2-oidc-sdk-9.43.3.jar as it is up-to-date.
Caching disabled for ClasspathEntrySnapshotTransform: C:\Users\danmu\.gradle\caches\modules-2\files-2.1\org.reactivestreams\reactive-streams\1.0.4\3864a1320d97d7b045f729a326e1e077661f31b7\reactive-streams-1.0.4.jar because:
  Build cache is disabled
Skipping ClasspathEntrySnapshotTransform: C:\Users\danmu\.gradle\caches\modules-2\files-2.1\org.reactivestreams\reactive-streams\1.0.4\3864a1320d97d7b045f729a326e1e077661f31b7\reactive-streams-1.0.4.jar as it is up-to-date.
Transforming jcip-annotations-1.0-1.jar with ClasspathEntrySnapshotTransform
Caching disabled for ClasspathEntrySnapshotTransform: C:\Users\danmu\.gradle\caches\modules-2\files-2.1\com.nimbusds\nimbus-jose-jwt\9.24.4\29a1f6a00a4daa3e1873f6bf4f16ddf4d6fd6d37\nimbus-jose-jwt-9.24.4.jar because:
  Build cache is disabled
Transforming content-type-2.2.jar with ClasspathEntrySnapshotTransform
Skipping ClasspathEntrySnapshotTransform: C:\Users\danmu\.gradle\caches\modules-2\files-2.1\com.nimbusds\nimbus-jose-jwt\9.24.4\29a1f6a00a4daa3e1873f6bf4f16ddf4d6fd6d37\nimbus-jose-jwt-9.24.4.jar as it is up-to-date.
Transforming json-smart-2.5.0.jar with ClasspathEntrySnapshotTransform
Caching disabled for ClasspathEntrySnapshotTransform: C:\Users\danmu\.gradle\caches\modules-2\files-2.1\software.amazon.eventstream\eventstream\1.0.1\6ff8649dffc5190366ada897ba8525a836297784\eventstream-1.0.1.jar because:
  Build cache is disabled
Skipping ClasspathEntrySnapshotTransform: C:\Users\danmu\.gradle\caches\modules-2\files-2.1\software.amazon.eventstream\eventstream\1.0.1\6ff8649dffc5190366ada897ba8525a836297784\eventstream-1.0.1.jar as it is up-to-date.
Caching disabled for ClasspathEntrySnapshotTransform: C:\Users\danmu\.gradle\caches\modules-2\files-2.1\software.amazon.awssdk\third-party-jackson-core\2.21.0\3f792a08baabc76219fc9f646b4cb0c6e590181b\third-party-jackson-core-2.21.0.jar because:
  Build cache is disabled
Transforming lang-tag-1.7.jar with ClasspathEntrySnapshotTransform
Skipping ClasspathEntrySnapshotTransform: C:\Users\danmu\.gradle\caches\modules-2\files-2.1\software.amazon.awssdk\third-party-jackson-core\2.21.0\3f792a08baabc76219fc9f646b4cb0c6e590181b\third-party-jackson-core-2.21.0.jar as it is up-to-date.
Caching disabled for ClasspathEntrySnapshotTransform: C:\Users\danmu\.gradle\caches\modules-2\files-2.1\com.github.stephenc.jcip\jcip-annotations\1.0-1\ef31541dd28ae2cefdd17c7ebf352d93e9058c63\jcip-annotations-1.0-1.jar because:
  Build cache is disabled
Caching disabled for ClasspathEntrySnapshotTransform: C:\Users\danmu\.gradle\caches\modules-2\files-2.1\com.nimbusds\content-type\2.2\9a894bce7646dd4086652d85b88013229f23724b\content-type-2.2.jar because:
  Build cache is disabled
Caching disabled for ClasspathEntrySnapshotTransform: C:\Users\danmu\.gradle\caches\modules-2\files-2.1\org.springframework\spring-jcl\6.1.1\69ebbf7bad707d34e81d00213c756bc6fcc31dd7\spring-jcl-6.1.1.jar because:
  Build cache is disabled
Transforming logback-core-1.4.11.jar with ClasspathEntrySnapshotTransform
Skipping ClasspathEntrySnapshotTransform: C:\Users\danmu\.gradle\caches\modules-2\files-2.1\com.nimbusds\content-type\2.2\9a894bce7646dd4086652d85b88013229f23724b\content-type-2.2.jar as it is up-to-date.
Skipping ClasspathEntrySnapshotTransform: C:\Users\danmu\.gradle\caches\modules-2\files-2.1\com.github.stephenc.jcip\jcip-annotations\1.0-1\ef31541dd28ae2cefdd17c7ebf352d93e9058c63\jcip-annotations-1.0-1.jar as it is up-to-date.
Caching disabled for ClasspathEntrySnapshotTransform: C:\Users\danmu\.gradle\caches\modules-2\files-2.1\net.minidev\json-smart\2.5.0\57a64f421b472849c40e77d2e7cce3a141b41e99\json-smart-2.5.0.jar because:
  Build cache is disabled
Skipping ClasspathEntrySnapshotTransform: C:\Users\danmu\.gradle\caches\modules-2\files-2.1\org.springframework\spring-jcl\6.1.1\69ebbf7bad707d34e81d00213c756bc6fcc31dd7\spring-jcl-6.1.1.jar as it is up-to-date.
Skipping ClasspathEntrySnapshotTransform: C:\Users\danmu\.gradle\caches\modules-2\files-2.1\net.minidev\json-smart\2.5.0\57a64f421b472849c40e77d2e7cce3a141b41e99\json-smart-2.5.0.jar as it is up-to-date.
Transforming log4j-api-2.21.1.jar with ClasspathEntrySnapshotTransform
Transforming accessors-smart-2.5.0.jar with ClasspathEntrySnapshotTransform
Transforming asm-9.3.jar with ClasspathEntrySnapshotTransform
Caching disabled for ClasspathEntrySnapshotTransform: C:\Users\danmu\.gradle\caches\modules-2\files-2.1\com.nimbusds\lang-tag\1.7\97c73ecd70bc7e8eefb26c5eea84f251a63f1031\lang-tag-1.7.jar because:
  Build cache is disabled
Skipping ClasspathEntrySnapshotTransform: C:\Users\danmu\.gradle\caches\modules-2\files-2.1\com.nimbusds\lang-tag\1.7\97c73ecd70bc7e8eefb26c5eea84f251a63f1031\lang-tag-1.7.jar as it is up-to-date.
Caching disabled for ClasspathEntrySnapshotTransform: C:\Users\danmu\.gradle\caches\modules-2\files-2.1\ch.qos.logback\logback-core\1.4.11\2f9f280219a9922a74200eaf7138c4c17fb87c0f\logback-core-1.4.11.jar because:
  Build cache is disabled
Caching disabled for ClasspathEntrySnapshotTransform: C:\Users\danmu\.gradle\caches\modules-2\files-2.1\org.apache.logging.log4j\log4j-api\2.21.1\74c65e87b9ce1694a01524e192d7be989ba70486\log4j-api-2.21.1.jar because:
  Build cache is disabled
Skipping ClasspathEntrySnapshotTransform: C:\Users\danmu\.gradle\caches\modules-2\files-2.1\ch.qos.logback\logback-core\1.4.11\2f9f280219a9922a74200eaf7138c4c17fb87c0f\logback-core-1.4.11.jar as it is up-to-date.
Skipping ClasspathEntrySnapshotTransform: C:\Users\danmu\.gradle\caches\modules-2\files-2.1\org.apache.logging.log4j\log4j-api\2.21.1\74c65e87b9ce1694a01524e192d7be989ba70486\log4j-api-2.21.1.jar as it is up-to-date.
Caching disabled for ClasspathEntrySnapshotTransform: C:\Users\danmu\.gradle\caches\modules-2\files-2.1\net.minidev\accessors-smart\2.5.0\aca011492dfe9c26f4e0659028a4fe0970829dd8\accessors-smart-2.5.0.jar because:
  Build cache is disabled
Skipping ClasspathEntrySnapshotTransform: C:\Users\danmu\.gradle\caches\modules-2\files-2.1\net.minidev\accessors-smart\2.5.0\aca011492dfe9c26f4e0659028a4fe0970829dd8\accessors-smart-2.5.0.jar as it is up-to-date.
Caching disabled for ClasspathEntrySnapshotTransform: C:\Users\danmu\.gradle\caches\modules-2\files-2.1\org.ow2.asm\asm\9.3\8e6300ef51c1d801a7ed62d07cd221aca3a90640\asm-9.3.jar because:
  Build cache is disabled
Skipping ClasspathEntrySnapshotTransform: C:\Users\danmu\.gradle\caches\modules-2\files-2.1\org.ow2.asm\asm\9.3\8e6300ef51c1d801a7ed62d07cd221aca3a90640\asm-9.3.jar as it is up-to-date.
Excluding []
Excluding []
Caching disabled for task ':compileKotlin' because:
  Build cache is disabled
Task ':compileKotlin' is not up-to-date because:
  Output property 'classpathSnapshotProperties.classpathSnapshotDir' file C:\Users\danmu\OneDrive\Desktop\AWS\backend\build\kotlin\compileKotlin\classpath-snapshot\shrunk-classpath-snapshot.bin has been removed.
  Output property 'destinationDirectory' file C:\Users\danmu\OneDrive\Desktop\AWS\backend\build\classes\kotlin\main\META-INF has been removed.
  Output property 'destinationDirectory' file C:\Users\danmu\OneDrive\Desktop\AWS\backend\build\classes\kotlin\main\META-INF\unifor-backend.kotlin_module has been removed.
The input changes require a full rebuild for incremental task ':compileKotlin'.

FAILURE: Build failed with an exception.

* What went wrong:
Execution failed for task ':compileKotlin'.
> Failed to clean up output files for task ':compileKotlin'

* Try:
> Run with --stacktrace option to get the stack trace.
> Run with --debug option to get more log output.
> Run with --scan to get full insights.
> Get more help at https://help.gradle.org.

BUILD FAILED in 10s
2 actionable tasks: 2 executed
Watched directory hierarchies: [C:\Users\danmu\OneDrive\Desktop\AWS\backend]
