> Task :checkKotlinGradlePluginConfigurationErrors

> Task :compileKotlin FAILED
./gradlew : e: file:///C:/Users/danm
u/OneDrive/Desktop/AWS/backend/src/m
ain/kotlin/com/unifor/backend/securi
ty/UserPrincipal.kt:14:28 Type misma
tch: inferred type is Long but Strin
g was expected
위치 줄:1 문자:13
+ cd backend; ./gradlew compileKotli
n > build_errors.txt 2>&1; cat buil 
...
+             ~~~~~~~~~~~~~~~~~~~~~~
~~~~~~~~~~~~~~~~~~~~~~~~~
    + CategoryInfo          : NotSp 
   ecified: (e: file:///C:/U...ng   
  was expected:String) [], Remote   
 Exception
    + FullyQualifiedErrorId : Nativ 
   eCommandError
 

FAILURE: Build failed with an except
ion.

* What went wrong:
Execution failed for task ':compileK
otlin'.
> A failure occurred while executing
 org.jetbrains.kotlin.compilerRunner
.GradleCompilerRunnerWithWorkers$Gra
dleKotlinCompilerWorkAction
   > Compilation error. See log for 
more details

* Try:
> Run with --stacktrace option to ge
t the stack trace.
> Run with --info or --debug option 
to get more log output.
> Run with --scan to get full insigh
ts.
> Get more help at https://help.grad
le.org.

BUILD FAILED in 8s
2 actionable tasks: 2 executed
