> Task :checkKotlinGradlePluginConfigurationErrors

> Task :compileKotlin FAILED
./gradlew : e: file:///C:/Users/danm
u/OneDrive/Desktop/AWS/backend/src/m
ain/kotlin/com/unifor/backend/commen
t/controller/CommentController.kt:19
:44 Type mismatch: inferred type is 
Long but String was expected
위치 줄:1 문자:13
+ cd backend; ./gradlew compileKotli
n > build_errors_4.txt 2>&1; Get-Co 
...
+             ~~~~~~~~~~~~~~~~~~~~~~
~~~~~~~~~~~~~~~~~~~~~~~~~~~
    + CategoryInfo          : NotSp 
   ecified: (e: file:///C:/U...ng   
  was expected:String) [], Remote   
 Exception
    + FullyQualifiedErrorId : Nativ 
   eCommandError
 
e: file:///C:/Users/danmu/OneDrive/D
esktop/AWS/backend/src/main/kotlin/c
om/unifor/backend/comment/controller
/CommentController.kt:19:63 Type mis
match: inferred type is Long? but St
ring? was expected
e: file:///C:/Users/danmu/OneDrive/D
esktop/AWS/backend/src/main/kotlin/c
om/unifor/backend/comment/controller
/CommentController.kt:25:35 Type mis
match: inferred type is Long but Str
ing was expected
e: file:///C:/Users/danmu/OneDrive/D
esktop/AWS/backend/src/main/kotlin/c
om/unifor/backend/comment/service/Co
mmentService.kt:30:64 Type mismatch:
 inferred type is String but Long wa
s expected
e: file:///C:/Users/danmu/OneDrive/D
esktop/AWS/backend/src/main/kotlin/c
om/unifor/backend/like/controller/Li
keController.kt:17:40 Type mismatch:
 inferred type is Long but String wa
s expected
e: file:///C:/Users/danmu/OneDrive/D
esktop/AWS/backend/src/main/kotlin/c
om/unifor/backend/like/controller/Li
keController.kt:23:33 Type mismatch:
 inferred type is Long but String wa
s expected
e: file:///C:/Users/danmu/OneDrive/D
esktop/AWS/backend/src/main/kotlin/c
om/unifor/backend/like/service/LikeS
ervice.kt:22:59 Type mismatch: infer
red type is String but Long was expe
cted

FAILURE: Build failed with an except
ion.

* What went wrong:
Execution failed for task ':compileK
otlin'.
> A failure occurred while executing
 org.jetbrains.kotlin.compilerRunner
.GradleCompilerRunnerWithWorkers$Gra
dleKotlinCompilerWorkAction
   > Compilation error. See log for 
more details

* Try:
> Run with --stacktrace option to ge
t the stack trace.
> Run with --info or --debug option 
to get more log output.
> Run with --scan to get full insigh
ts.
> Get more help at https://help.grad
le.org.

BUILD FAILED in 5s
2 actionable tasks: 2 executed
