> Task :checkKotlinGradlePluginConfigurationErrors

> Task :compileKotlin FAILED
./gradlew : e: file:///C:/Users/danm
u/OneDrive/Desktop/AWS/backend/src/m
ain/kotlin/com/unifor/backend/commen
t/service/CommentService.kt:22:28 Ty
pe mismatch: inferred type is Long b
ut String was expected
위치 줄:1 문자:13
+ cd backend; ./gradlew compileKotli
n > build_errors_3.txt 2>&1; Get-Co 
...
+             ~~~~~~~~~~~~~~~~~~~~~~
~~~~~~~~~~~~~~~~~~~~~~~~~~~
    + CategoryInfo          : NotSp 
   ecified: (e: file:///C:/U...ng   
  was expected:String) [], Remote   
 Exception
    + FullyQualifiedErrorId : Nativ 
   eCommandError
 
e: file:///C:/Users/danmu/OneDrive/D
esktop/AWS/backend/src/main/kotlin/c
om/unifor/backend/comment/service/Co
mmentService.kt:24:28 Type mismatch:
 inferred type is Long? but String? 
was expected
e: file:///C:/Users/danmu/OneDrive/D
esktop/AWS/backend/src/main/kotlin/c
om/unifor/backend/game/controller/Ga
meController.kt:38:32 Type mismatch:
 inferred type is Long but String wa
s expected
e: file:///C:/Users/danmu/OneDrive/D
esktop/AWS/backend/src/main/kotlin/c
om/unifor/backend/image/controller/I
mageThumbnailController.kt:20:23 Typ
e mismatch: inferred type is Long bu
t String was expected
e: file:///C:/Users/danmu/OneDrive/D
esktop/AWS/backend/src/main/kotlin/c
om/unifor/backend/image/controller/I
mageThumbnailController.kt:21:26 Typ
e mismatch: inferred type is Long bu
t String was expected
e: file:///C:/Users/danmu/OneDrive/D
esktop/AWS/backend/src/main/kotlin/c
om/unifor/backend/like/service/LikeS
ervice.kt:16:28 Type mismatch: infer
red type is Long but String was expe
cted
e: file:///C:/Users/danmu/OneDrive/D
esktop/AWS/backend/src/main/kotlin/c
om/unifor/backend/purchase/controlle
r/PurchaseController.kt:16:47 Type m
ismatch: inferred type is Long but S
tring was expected

FAILURE: Build failed with an except
ion.

* What went wrong:
Execution failed for task ':compileK
otlin'.
> A failure occurred while executing
 org.jetbrains.kotlin.compilerRunner
.GradleCompilerRunnerWithWorkers$Gra
dleKotlinCompilerWorkAction
   > Compilation error. See log for 
more details

* Try:
> Run with --stacktrace option to ge
t the stack trace.
> Run with --info or --debug option 
to get more log output.
> Run with --scan to get full insigh
ts.
> Get more help at https://help.grad
le.org.

BUILD FAILED in 5s
2 actionable tasks: 2 executed
