> Task :checkKotlinGradlePluginConfigurationErrors

> Task :compileKotlin FAILED
./gradlew : e: file:///C:/Users/danm
u/OneDrive/Desktop/AWS/backend/src/m
ain/kotlin/com/unifor/backend/dto/Au
thDTOs.kt:49:18 Type mismatch: infer
red type is String but Long was expe
cted
위치 줄:1 문자:13
+ cd backend; ./gradlew compileKotli
n > build_errors_2.txt 2>&1; Get-Co 
...
+             ~~~~~~~~~~~~~~~~~~~~~~
~~~~~~~~~~~~~~~~~~~~~~~~~~~
    + CategoryInfo          : NotSp 
   ecified: (e: file:///C:/U...ng   
  was expected:String) [], Remote   
 Exception
    + FullyQualifiedErrorId : Nativ 
   eCommandError
 
e: file:///C:/Users/danmu/OneDrive/D
esktop/AWS/backend/src/main/kotlin/c
om/unifor/backend/game/service/GameV
ersionService.kt:25:50 Type mismatch
: inferred type is Long but String w
as expected
e: file:///C:/Users/danmu/OneDrive/D
esktop/AWS/backend/src/main/kotlin/c
om/unifor/backend/image/controller/I
mageResourceController.kt:22:18 Type
 mismatch: inferred type is String b
ut Long was expected
e: file:///C:/Users/danmu/OneDrive/D
esktop/AWS/backend/src/main/kotlin/c
om/unifor/backend/image/service/Imag
eThumbnailService.kt:19:57 Type mism
atch: inferred type is Long but Stri
ng was expected
e: file:///C:/Users/danmu/OneDrive/D
esktop/AWS/backend/src/main/kotlin/c
om/unifor/backend/purchase/service/P
urchaseService.kt:29:25 Type mismatc
h: inferred type is Long but String 
was expected
e: file:///C:/Users/danmu/OneDrive/D
esktop/AWS/backend/src/main/kotlin/c
om/unifor/backend/security/JwtAuthen
ticationFilter.kt:30:52 Type mismatc
h: inferred type is Long but String 
was expected

FAILURE: Build failed with an except
ion.

* What went wrong:
Execution failed for task ':compileK
otlin'.
> A failure occurred while executing
 org.jetbrains.kotlin.compilerRunner
.GradleCompilerRunnerWithWorkers$Gra
dleKotlinCompilerWorkAction
   > Compilation error. See log for 
more details

* Try:
> Run with --stacktrace option to ge
t the stack trace.
> Run with --info or --debug option 
to get more log output.
> Run with --scan to get full insigh
ts.
> Get more help at https://help.grad
le.org.

BUILD FAILED in 5s
2 actionable tasks: 2 executed
